  [1m[35m (252.2ms)[0m  [1m[35mCREATE DATABASE "Database_money_development" ENCODING = 'unicode'[0m
  [1m[35m (116.5ms)[0m  [1m[35mCREATE DATABASE "Database_money_test" ENCODING = 'unicode'[0m
  [1m[35m (20.5ms)[0m  [1m[35mCREATE TABLE "schema_migrations" ("version" character varying NOT NULL PRIMARY KEY)[0m
  [1m[35m (4.2ms)[0m  [1m[35mCREATE TABLE "ar_internal_metadata" ("key" character varying NOT NULL PRIMARY KEY, "value" character varying, "created_at" timestamp(6) NOT NULL, "updated_at" timestamp(6) NOT NULL)[0m
  [1m[35m (0.9ms)[0m  [1m[34mSELECT pg_try_advisory_lock(7278333278047023150)[0m
  [1m[36mActiveRecord::SchemaMigration Pluck (1.4ms)[0m  [1m[34mSELECT "schema_migrations"."version" FROM "schema_migrations" ORDER BY "schema_migrations"."version" ASC[0m
Migrating to DeviseCreateUsers (20220808193807)
  [1m[36mTRANSACTION (0.8ms)[0m  [1m[35mBEGIN[0m
  [1m[35m (8.8ms)[0m  [1m[35mCREATE TABLE "users" ("id" bigserial primary key, "email" character varying DEFAULT '' NOT NULL, "encrypted_password" character varying DEFAULT '' NOT NULL, "reset_password_token" character varying, "reset_password_sent_at" timestamp(6), "remember_created_at" timestamp(6), "created_at" timestamp(6) NOT NULL, "updated_at" timestamp(6) NOT NULL)[0m
  [1m[35m (2.6ms)[0m  [1m[35mCREATE UNIQUE INDEX "index_users_on_email" ON "users" ("email")[0m
  [1m[35m (9.1ms)[0m  [1m[35mCREATE UNIQUE INDEX "index_users_on_reset_password_token" ON "users" ("reset_password_token")[0m
  [1m[36mActiveRecord::SchemaMigration Create (3.2ms)[0m  [1m[32mINSERT INTO "schema_migrations" ("version") VALUES ($1) RETURNING "version"[0m  [["version", "20220808193807"]]
  [1m[36mTRANSACTION (0.5ms)[0m  [1m[35mCOMMIT[0m
Migrating to CreateCategories (20220808220948)
  [1m[36mTRANSACTION (0.7ms)[0m  [1m[35mBEGIN[0m
  [1m[35m (7.2ms)[0m  [1m[35mCREATE TABLE "categories" ("id" bigserial primary key, "name" character varying, "icon" character varying, "user_id" bigint, "created_at" timestamp(6) NOT NULL, "updated_at" timestamp(6) NOT NULL, CONSTRAINT "fk_rails_b8e2f7adfc"
FOREIGN KEY ("user_id")
  REFERENCES "users" ("id")
)[0m
  [1m[35m (1.1ms)[0m  [1m[35mCREATE INDEX "index_categories_on_user_id" ON "categories" ("user_id")[0m
  [1m[36mActiveRecord::SchemaMigration Create (0.9ms)[0m  [1m[32mINSERT INTO "schema_migrations" ("version") VALUES ($1) RETURNING "version"[0m  [["version", "20220808220948"]]
  [1m[36mTRANSACTION (1.2ms)[0m  [1m[35mCOMMIT[0m
Migrating to CreateTransactions (20220808223820)
  [1m[36mTRANSACTION (12.0ms)[0m  [1m[35mBEGIN[0m
  [1m[35m (16.9ms)[0m  [1m[35mCREATE TABLE "transactions" ("id" bigserial primary key, "amount" decimal, "name" character varying, "user_id" bigint, "category_id" bigint, "created_at" timestamp(6) NOT NULL, "updated_at" timestamp(6) NOT NULL, CONSTRAINT "fk_rails_77364e6416"
FOREIGN KEY ("user_id")
  REFERENCES "users" ("id")
, CONSTRAINT "fk_rails_0ea2ad3927"
FOREIGN KEY ("category_id")
  REFERENCES "categories" ("id")
)[0m
  [1m[35m (3.5ms)[0m  [1m[35mCREATE INDEX "index_transactions_on_user_id" ON "transactions" ("user_id")[0m
  [1m[35m (7.9ms)[0m  [1m[35mCREATE INDEX "index_transactions_on_category_id" ON "transactions" ("category_id")[0m
  [1m[36mActiveRecord::SchemaMigration Create (2.2ms)[0m  [1m[32mINSERT INTO "schema_migrations" ("version") VALUES ($1) RETURNING "version"[0m  [["version", "20220808223820"]]
  [1m[36mTRANSACTION (3.0ms)[0m  [1m[35mCOMMIT[0m
Migrating to AddNameToUsers (20220809142053)
  [1m[36mTRANSACTION (1.0ms)[0m  [1m[35mBEGIN[0m
  [1m[35m (1.4ms)[0m  [1m[35mALTER TABLE "users" ADD "name" character varying[0m
  [1m[36mActiveRecord::SchemaMigration Create (1.4ms)[0m  [1m[32mINSERT INTO "schema_migrations" ("version") VALUES ($1) RETURNING "version"[0m  [["version", "20220809142053"]]
  [1m[36mTRANSACTION (0.6ms)[0m  [1m[35mCOMMIT[0m
  [1m[36mActiveRecord::InternalMetadata Load (0.8ms)[0m  [1m[34mSELECT "ar_internal_metadata".* FROM "ar_internal_metadata" WHERE "ar_internal_metadata"."key" = $1 LIMIT $2[0m  [["key", "environment"], ["LIMIT", 1]]
  [1m[36mTRANSACTION (0.4ms)[0m  [1m[35mBEGIN[0m
  [1m[36mActiveRecord::InternalMetadata Create (1.6ms)[0m  [1m[32mINSERT INTO "ar_internal_metadata" ("key", "value", "created_at", "updated_at") VALUES ($1, $2, $3, $4) RETURNING "key"[0m  [["key", "environment"], ["value", "development"], ["created_at", "2022-08-20 12:57:00.777450"], ["updated_at", "2022-08-20 12:57:00.777450"]]
  [1m[36mTRANSACTION (0.5ms)[0m  [1m[35mCOMMIT[0m
  [1m[35m (0.6ms)[0m  [1m[34mSELECT pg_advisory_unlock(7278333278047023150)[0m
  [1m[36mActiveRecord::SchemaMigration Pluck (1.2ms)[0m  [1m[34mSELECT "schema_migrations"."version" FROM "schema_migrations" ORDER BY "schema_migrations"."version" ASC[0m
Started GET "/" for ::1 at 2022-08-20 14:59:06 +0200
  [1m[36mActiveRecord::SchemaMigration Pluck (0.9ms)[0m  [1m[34mSELECT "schema_migrations"."version" FROM "schema_migrations" ORDER BY "schema_migrations"."version" ASC[0m
Processing by UnlocksController#index as HTML
  Rendering layout layouts/application.html.erb
  Rendering unlocks/index.html.erb within layouts/application
  Rendered unlocks/index.html.erb within layouts/application (Duration: 3.7ms | Allocations: 757)
  Rendered layouts/_navbar.html.erb (Duration: 5.4ms | Allocations: 467)
  Rendered layout layouts/application.html.erb (Duration: 1174.5ms | Allocations: 90764)
Completed 200 OK in 1220ms (Views: 1184.8ms | ActiveRecord: 0.0ms | Allocations: 100545)


Started GET "/users/sign_up" for ::1 at 2022-08-20 14:59:14 +0200
Processing by Devise::RegistrationsController#new as HTML
  Rendering layout layouts/application.html.erb
  Rendering devise/registrations/new.html.erb within layouts/application
  Rendered devise/shared/_error_messages.html.erb (Duration: 1.3ms | Allocations: 268)
  Rendered devise/shared/_links.html.erb (Duration: 1.8ms | Allocations: 631)
  Rendered devise/registrations/new.html.erb within layouts/application (Duration: 36.7ms | Allocations: 8227)
  Rendered layouts/_navbar.html.erb (Duration: 0.2ms | Allocations: 74)
  Rendered layout layouts/application.html.erb (Duration: 41.5ms | Allocations: 10913)
Completed 200 OK in 66ms (Views: 44.1ms | ActiveRecord: 4.5ms | Allocations: 18571)


Started POST "/users" for ::1 at 2022-08-20 14:59:34 +0200
Processing by Devise::RegistrationsController#create as TURBO_STREAM
  Parameters: {"authenticity_token"=>"[FILTERED]", "user"=>{"name"=>"Yannick", "email"=>"yannick@gmail.com", "password"=>"[FILTERED]", "password_confirmation"=>"[FILTERED]"}, "commit"=>"Sign up"}
  [1m[36mTRANSACTION (0.3ms)[0m  [1m[35mBEGIN[0m
  [1m[36mUser Exists? (2.9ms)[0m  [1m[34mSELECT 1 AS one FROM "users" WHERE "users"."email" = $1 LIMIT $2[0m  [["email", "yannick@gmail.com"], ["LIMIT", 1]]
  [1m[36mUser Create (2.3ms)[0m  [1m[32mINSERT INTO "users" ("email", "encrypted_password", "reset_password_token", "reset_password_sent_at", "remember_created_at", "created_at", "updated_at", "name") VALUES ($1, $2, $3, $4, $5, $6, $7, $8) RETURNING "id"[0m  [["email", "yannick@gmail.com"], ["encrypted_password", "[FILTERED]"], ["reset_password_token", "[FILTERED]"], ["reset_password_sent_at", "[FILTERED]"], ["remember_created_at", nil], ["created_at", "2022-08-20 12:59:34.586312"], ["updated_at", "2022-08-20 12:59:34.586312"], ["name", "Yannick"]]
  [1m[36mTRANSACTION (4.0ms)[0m  [1m[35mCOMMIT[0m
Redirected to http://localhost:3000/
Completed 302 Found in 319ms (ActiveRecord: 9.5ms | Allocations: 12365)


Started GET "/" for ::1 at 2022-08-20 14:59:34 +0200
Processing by UnlocksController#index as TURBO_STREAM
  [1m[36mUser Load (0.7ms)[0m  [1m[34mSELECT "users".* FROM "users" WHERE "users"."id" = $1 ORDER BY "users"."id" ASC LIMIT $2[0m  [["id", 1], ["LIMIT", 1]]
  ↳ app/controllers/unlocks_controller.rb:3:in `index'
Redirected to http://localhost:3000/users
Completed 302 Found in 11ms (ActiveRecord: 1.1ms | Allocations: 2219)


Started GET "/users" for ::1 at 2022-08-20 14:59:34 +0200
Processing by UsersController#index as TURBO_STREAM
  [1m[36mUser Load (1.2ms)[0m  [1m[34mSELECT "users".* FROM "users" WHERE "users"."id" = $1 ORDER BY "users"."id" ASC LIMIT $2[0m  [["id", 1], ["LIMIT", 1]]
  ↳ app/controllers/users_controller.rb:3:in `index'
  Rendering layout layouts/application.html.erb
  Rendering users/index.html.erb within layouts/application
  Rendered users/index.html.erb within layouts/application (Duration: 4.5ms | Allocations: 269)
  Rendered layouts/_navbar.html.erb (Duration: 0.3ms | Allocations: 88)
  Rendered layout layouts/application.html.erb (Duration: 13.2ms | Allocations: 3076)
Completed 200 OK in 29ms (Views: 19.5ms | ActiveRecord: 1.2ms | Allocations: 5687)


Started GET "/categories" for ::1 at 2022-08-20 14:59:49 +0200
Processing by CategoriesController#index as HTML
  [1m[36mUser Load (0.4ms)[0m  [1m[34mSELECT "users".* FROM "users" WHERE "users"."id" = $1 ORDER BY "users"."id" ASC LIMIT $2[0m  [["id", 1], ["LIMIT", 1]]
  ↳ app/controllers/categories_controller.rb:3:in `index'
  Rendering layout layouts/application.html.erb
  Rendering categories/index.html.erb within layouts/application
  [1m[36mCategory Exists? (1.1ms)[0m  [1m[34mSELECT 1 AS one FROM "categories" WHERE "categories"."user_id" = $1 LIMIT $2[0m  [["user_id", 1], ["LIMIT", 1]]
  ↳ app/views/categories/index.html.erb:3
  Rendered categories/index.html.erb within layouts/application (Duration: 11.5ms | Allocations: 2658)
  Rendered layouts/_navbar.html.erb (Duration: 0.2ms | Allocations: 83)
  Rendered layout layouts/application.html.erb (Duration: 16.8ms | Allocations: 5409)
Completed 200 OK in 47ms (Views: 16.8ms | ActiveRecord: 2.6ms | Allocations: 12869)


Started GET "/categories/new" for ::1 at 2022-08-20 15:00:30 +0200
Processing by CategoriesController#new as HTML
  Rendering layout layouts/application.html.erb
  Rendering categories/new.html.erb within layouts/application
  Rendered categories/_form.html.erb (Duration: 5.6ms | Allocations: 1960)
  Rendered categories/new.html.erb within layouts/application (Duration: 16.3ms | Allocations: 2249)
  Rendered layouts/_navbar.html.erb (Duration: 0.5ms | Allocations: 110)
  Rendered layout layouts/application.html.erb (Duration: 23.4ms | Allocations: 4785)
Completed 200 OK in 36ms (Views: 24.1ms | ActiveRecord: 2.3ms | Allocations: 6889)


Started POST "/categories" for ::1 at 2022-08-20 15:00:45 +0200
Processing by CategoriesController#create as TURBO_STREAM
  Parameters: {"authenticity_token"=>"[FILTERED]", "category"=>{"name"=>"Car", "icon"=>"dollars"}, "commit"=>"Save"}
  [1m[36mUser Load (0.5ms)[0m  [1m[34mSELECT "users".* FROM "users" WHERE "users"."id" = $1 ORDER BY "users"."id" ASC LIMIT $2[0m  [["id", 1], ["LIMIT", 1]]
  ↳ app/controllers/categories_controller.rb:39:in `category_params'
  [1m[36mTRANSACTION (0.3ms)[0m  [1m[35mBEGIN[0m
  ↳ app/controllers/categories_controller.rb:18:in `create'
  [1m[36mUser Load (1.9ms)[0m  [1m[34mSELECT "users".* FROM "users" WHERE "users"."id" = $1 LIMIT $2[0m  [["id", 1], ["LIMIT", 1]]
  ↳ app/controllers/categories_controller.rb:18:in `create'
  [1m[36mCategory Create (6.3ms)[0m  [1m[32mINSERT INTO "categories" ("name", "icon", "user_id", "created_at", "updated_at") VALUES ($1, $2, $3, $4, $5) RETURNING "id"[0m  [["name", "Car"], ["icon", "dollars"], ["user_id", 1], ["created_at", "2022-08-20 13:00:45.263482"], ["updated_at", "2022-08-20 13:00:45.263482"]]
  ↳ app/controllers/categories_controller.rb:18:in `create'
  [1m[36mTRANSACTION (1.2ms)[0m  [1m[35mCOMMIT[0m
  ↳ app/controllers/categories_controller.rb:18:in `create'
Redirected to http://localhost:3000/categories
Completed 302 Found in 71ms (ActiveRecord: 10.2ms | Allocations: 14822)


Started GET "/categories" for ::1 at 2022-08-20 15:00:47 +0200
Processing by CategoriesController#index as TURBO_STREAM
  [1m[36mUser Load (0.4ms)[0m  [1m[34mSELECT "users".* FROM "users" WHERE "users"."id" = $1 ORDER BY "users"."id" ASC LIMIT $2[0m  [["id", 1], ["LIMIT", 1]]
  ↳ app/controllers/categories_controller.rb:3:in `index'
  Rendering layout layouts/application.html.erb
  Rendering categories/index.html.erb within layouts/application
  [1m[36mCategory Exists? (0.7ms)[0m  [1m[34mSELECT 1 AS one FROM "categories" WHERE "categories"."user_id" = $1 LIMIT $2[0m  [["user_id", 1], ["LIMIT", 1]]
  ↳ app/views/categories/index.html.erb:3
  [1m[36mCategory Load (1.4ms)[0m  [1m[34mSELECT "categories".* FROM "categories" WHERE "categories"."user_id" = $1[0m  [["user_id", 1]]
  ↳ app/views/categories/index.html.erb:6
  [1m[36mTransaction Sum (2.3ms)[0m  [1m[34mSELECT SUM("transactions"."amount") FROM "transactions" WHERE "transactions"."category_id" = $1[0m  [["category_id", 1]]
  ↳ app/views/categories/_category.html.erb:9
  Rendered categories/_category.html.erb (Duration: 18.6ms | Allocations: 3925)
  Rendered categories/index.html.erb within layouts/application (Duration: 32.2ms | Allocations: 6565)
  Rendered layouts/_navbar.html.erb (Duration: 0.2ms | Allocations: 64)
  Rendered layout layouts/application.html.erb (Duration: 37.2ms | Allocations: 9196)
Completed 200 OK in 43ms (Views: 31.8ms | ActiveRecord: 6.4ms | Allocations: 11171)


Started GET "/dollars" for ::1 at 2022-08-20 15:00:49 +0200
  
ActionController::RoutingError (No route matches [GET] "/dollars"):
  
Started DELETE "/users/sign_out" for ::1 at 2022-08-20 15:00:56 +0200
Processing by SessionsController#destroy as TURBO_STREAM
  [1m[36mUser Load (1.6ms)[0m  [1m[34mSELECT "users".* FROM "users" WHERE "users"."id" = $1 ORDER BY "users"."id" ASC LIMIT $2[0m  [["id", 1], ["LIMIT", 1]]
Redirected to http://localhost:3000/
Completed 303 See Other in 16ms (ActiveRecord: 1.6ms | Allocations: 3775)


Started GET "/" for ::1 at 2022-08-20 15:00:58 +0200
Processing by UnlocksController#index as TURBO_STREAM
  Rendering layout layouts/application.html.erb
  Rendering unlocks/index.html.erb within layouts/application
  Rendered unlocks/index.html.erb within layouts/application (Duration: 0.3ms | Allocations: 123)
  Rendered layouts/_navbar.html.erb (Duration: 0.2ms | Allocations: 110)
  Rendered layout layouts/application.html.erb (Duration: 5.6ms | Allocations: 2805)
Completed 200 OK in 9ms (Views: 6.7ms | ActiveRecord: 0.0ms | Allocations: 4037)


Started GET "/dollars" for ::1 at 2022-08-20 15:01:05 +0200
  
ActionController::RoutingError (No route matches [GET] "/dollars"):
  
Started GET "/users/sign_in" for ::1 at 2022-08-20 15:17:57 +0200
Processing by SessionsController#new as HTML
  Rendering layout layouts/application.html.erb
  Rendering devise/sessions/new.html.erb within layouts/application
  Rendered devise/shared/_links.html.erb (Duration: 1.2ms | Allocations: 297)
  Rendered devise/sessions/new.html.erb within layouts/application (Duration: 23.3ms | Allocations: 2539)
  Rendered layouts/_navbar.html.erb (Duration: 0.2ms | Allocations: 72)
  Rendered layout layouts/application.html.erb (Duration: 74.2ms | Allocations: 17497)
Completed 200 OK in 284ms (Views: 88.1ms | ActiveRecord: 35.0ms | Allocations: 24751)


Started GET "/users/sign_up" for ::1 at 2022-08-20 15:18:12 +0200
Processing by Devise::RegistrationsController#new as HTML
  Rendering layout layouts/application.html.erb
  Rendering devise/registrations/new.html.erb within layouts/application
  Rendered devise/shared/_error_messages.html.erb (Duration: 0.1ms | Allocations: 28)
  Rendered devise/shared/_links.html.erb (Duration: 0.3ms | Allocations: 110)
  Rendered devise/registrations/new.html.erb within layouts/application (Duration: 7.6ms | Allocations: 1715)
  Rendered layouts/_navbar.html.erb (Duration: 0.2ms | Allocations: 74)
  Rendered layout layouts/application.html.erb (Duration: 21.3ms | Allocations: 4410)
Completed 200 OK in 67ms (Views: 25.9ms | ActiveRecord: 0.0ms | Allocations: 6194)


Started POST "/users" for ::1 at 2022-08-20 15:18:36 +0200
Processing by Devise::RegistrationsController#create as TURBO_STREAM
  Parameters: {"authenticity_token"=>"[FILTERED]", "user"=>{"name"=>"Wendy", "email"=>"wendy@gmail.com", "password"=>"[FILTERED]", "password_confirmation"=>"[FILTERED]"}, "commit"=>"Sign up"}
  [1m[36mTRANSACTION (0.7ms)[0m  [1m[35mBEGIN[0m
  [1m[36mUser Exists? (4.8ms)[0m  [1m[34mSELECT 1 AS one FROM "users" WHERE "users"."email" = $1 LIMIT $2[0m  [["email", "wendy@gmail.com"], ["LIMIT", 1]]
  [1m[36mUser Create (5.6ms)[0m  [1m[32mINSERT INTO "users" ("email", "encrypted_password", "reset_password_token", "reset_password_sent_at", "remember_created_at", "created_at", "updated_at", "name") VALUES ($1, $2, $3, $4, $5, $6, $7, $8) RETURNING "id"[0m  [["email", "wendy@gmail.com"], ["encrypted_password", "[FILTERED]"], ["reset_password_token", "[FILTERED]"], ["reset_password_sent_at", "[FILTERED]"], ["remember_created_at", nil], ["created_at", "2022-08-20 13:18:37.214870"], ["updated_at", "2022-08-20 13:18:37.214870"], ["name", "Wendy"]]
  [1m[36mTRANSACTION (1.7ms)[0m  [1m[35mCOMMIT[0m
Redirected to http://localhost:3000/
Completed 302 Found in 296ms (ActiveRecord: 12.7ms | Allocations: 7178)


Started GET "/" for ::1 at 2022-08-20 15:18:38 +0200
Processing by UnlocksController#index as TURBO_STREAM
  [1m[36mUser Load (0.6ms)[0m  [1m[34mSELECT "users".* FROM "users" WHERE "users"."id" = $1 ORDER BY "users"."id" ASC LIMIT $2[0m  [["id", 2], ["LIMIT", 1]]
  ↳ app/controllers/unlocks_controller.rb:3:in `index'
Redirected to http://localhost:3000/users
Completed 302 Found in 31ms (ActiveRecord: 1.4ms | Allocations: 2299)


Started GET "/users" for ::1 at 2022-08-20 15:18:40 +0200
Processing by UsersController#index as TURBO_STREAM
  [1m[36mUser Load (0.5ms)[0m  [1m[34mSELECT "users".* FROM "users" WHERE "users"."id" = $1 ORDER BY "users"."id" ASC LIMIT $2[0m  [["id", 2], ["LIMIT", 1]]
  ↳ app/controllers/users_controller.rb:3:in `index'
  Rendering layout layouts/application.html.erb
  Rendering users/index.html.erb within layouts/application
  Rendered users/index.html.erb within layouts/application (Duration: 0.5ms | Allocations: 118)
  Rendered layouts/_navbar.html.erb (Duration: 0.3ms | Allocations: 88)
  Rendered layout layouts/application.html.erb (Duration: 9.8ms | Allocations: 2886)
Completed 200 OK in 17ms (Views: 11.5ms | ActiveRecord: 0.5ms | Allocations: 5309)


Started GET "/users" for ::1 at 2022-08-20 15:20:56 +0200
Processing by UsersController#index as HTML
  [1m[36mUser Load (1.4ms)[0m  [1m[34mSELECT "users".* FROM "users" WHERE "users"."id" = $1 ORDER BY "users"."id" ASC LIMIT $2[0m  [["id", 2], ["LIMIT", 1]]
  ↳ app/controllers/users_controller.rb:3:in `index'
  Rendering layout layouts/application.html.erb
  Rendering users/index.html.erb within layouts/application
  Rendered users/index.html.erb within layouts/application (Duration: 0.2ms | Allocations: 55)
  Rendered layouts/_navbar.html.erb (Duration: 0.1ms | Allocations: 64)
  Rendered layout layouts/application.html.erb (Duration: 36.7ms | Allocations: 4376)
Completed 200 OK in 43ms (Views: 37.3ms | ActiveRecord: 1.4ms | Allocations: 6375)


Started GET "/users" for ::1 at 2022-08-20 15:28:32 +0200
Processing by UsersController#index as HTML
  [1m[36mUser Load (1.0ms)[0m  [1m[34mSELECT "users".* FROM "users" WHERE "users"."id" = $1 ORDER BY "users"."id" ASC LIMIT $2[0m  [["id", 2], ["LIMIT", 1]]
  ↳ app/controllers/users_controller.rb:3:in `index'
  Rendering layout layouts/application.html.erb
  Rendering users/index.html.erb within layouts/application
  Rendered users/index.html.erb within layouts/application (Duration: 2.9ms | Allocations: 55)
  Rendered layouts/_navbar.html.erb (Duration: 0.5ms | Allocations: 64)
  Rendered layout layouts/application.html.erb (Duration: 97.6ms | Allocations: 4274)
Completed 200 OK in 240ms (Views: 103.0ms | ActiveRecord: 20.6ms | Allocations: 9167)


Started GET "/users" for ::1 at 2022-08-20 15:30:44 +0200
Processing by UsersController#index as HTML
  [1m[36mUser Load (1.0ms)[0m  [1m[34mSELECT "users".* FROM "users" WHERE "users"."id" = $1 ORDER BY "users"."id" ASC LIMIT $2[0m  [["id", 2], ["LIMIT", 1]]
  ↳ app/controllers/users_controller.rb:3:in `index'
  Rendering layout layouts/application.html.erb
  Rendering users/index.html.erb within layouts/application
  Rendered users/index.html.erb within layouts/application (Duration: 0.5ms | Allocations: 55)
  Rendered layouts/_navbar.html.erb (Duration: 0.2ms | Allocations: 64)
  Rendered layout layouts/application.html.erb (Duration: 17.1ms | Allocations: 4282)
Completed 200 OK in 33ms (Views: 18.7ms | ActiveRecord: 1.0ms | Allocations: 6083)


Started GET "/users" for ::1 at 2022-08-20 15:31:10 +0200
Processing by UsersController#index as HTML
  [1m[36mUser Load (1.0ms)[0m  [1m[34mSELECT "users".* FROM "users" WHERE "users"."id" = $1 ORDER BY "users"."id" ASC LIMIT $2[0m  [["id", 2], ["LIMIT", 1]]
  ↳ app/controllers/users_controller.rb:3:in `index'
  Rendering layout layouts/application.html.erb
  Rendering users/index.html.erb within layouts/application
  Rendered users/index.html.erb within layouts/application (Duration: 0.2ms | Allocations: 55)
  Rendered layouts/_navbar.html.erb (Duration: 0.1ms | Allocations: 64)
  Rendered layout layouts/application.html.erb (Duration: 19.5ms | Allocations: 4282)
Completed 200 OK in 28ms (Views: 20.0ms | ActiveRecord: 1.0ms | Allocations: 6086)


Started GET "/users" for ::1 at 2022-08-20 15:31:48 +0200
Processing by UsersController#index as HTML
  [1m[36mUser Load (0.3ms)[0m  [1m[34mSELECT "users".* FROM "users" WHERE "users"."id" = $1 ORDER BY "users"."id" ASC LIMIT $2[0m  [["id", 2], ["LIMIT", 1]]
  ↳ app/controllers/users_controller.rb:3:in `index'
  Rendering layout layouts/application.html.erb
  Rendering users/index.html.erb within layouts/application
  Rendered users/index.html.erb within layouts/application (Duration: 0.8ms | Allocations: 55)
  Rendered layouts/_navbar.html.erb (Duration: 0.1ms | Allocations: 64)
  Rendered layout layouts/application.html.erb (Duration: 18.3ms | Allocations: 4280)
Completed 200 OK in 22ms (Views: 18.8ms | ActiveRecord: 0.3ms | Allocations: 6069)


Started GET "/users" for ::1 at 2022-08-20 15:34:27 +0200
Processing by UsersController#index as HTML
  [1m[36mUser Load (0.5ms)[0m  [1m[34mSELECT "users".* FROM "users" WHERE "users"."id" = $1 ORDER BY "users"."id" ASC LIMIT $2[0m  [["id", 2], ["LIMIT", 1]]
  ↳ app/controllers/users_controller.rb:3:in `index'
  Rendering layout layouts/application.html.erb
  Rendering users/index.html.erb within layouts/application
  Rendered users/index.html.erb within layouts/application (Duration: 0.2ms | Allocations: 55)
  Rendered layouts/_navbar.html.erb (Duration: 0.2ms | Allocations: 64)
  Rendered layout layouts/application.html.erb (Duration: 19.3ms | Allocations: 4284)
Completed 200 OK in 27ms (Views: 20.0ms | ActiveRecord: 0.5ms | Allocations: 6094)


Started GET "/users" for ::1 at 2022-08-20 15:36:36 +0200
Processing by UsersController#index as HTML
  [1m[36mUser Load (3.4ms)[0m  [1m[34mSELECT "users".* FROM "users" WHERE "users"."id" = $1 ORDER BY "users"."id" ASC LIMIT $2[0m  [["id", 2], ["LIMIT", 1]]
  ↳ app/controllers/users_controller.rb:3:in `index'
  Rendering layout layouts/application.html.erb
  Rendering users/index.html.erb within layouts/application
  Rendered users/index.html.erb within layouts/application (Duration: 5.2ms | Allocations: 269)
  Rendered layouts/_navbar.html.erb (Duration: 3.5ms | Allocations: 393)
  Rendered layout layouts/application.html.erb (Duration: 20.6ms | Allocations: 3673)
Completed 200 OK in 39ms (Views: 26.5ms | ActiveRecord: 3.4ms | Allocations: 6077)


Started GET "/users" for ::1 at 2022-08-20 15:42:16 +0200
Processing by UsersController#index as HTML
  [1m[36mUser Load (0.8ms)[0m  [1m[34mSELECT "users".* FROM "users" WHERE "users"."id" = $1 ORDER BY "users"."id" ASC LIMIT $2[0m  [["id", 2], ["LIMIT", 1]]
  ↳ app/controllers/users_controller.rb:3:in `index'
  Rendering layout layouts/application.html.erb
  Rendering users/index.html.erb within layouts/application
  Rendered users/index.html.erb within layouts/application (Duration: 4.7ms | Allocations: 264)
  Rendered layouts/_navbar.html.erb (Duration: 1.5ms | Allocations: 393)
  Rendered layout layouts/application.html.erb (Duration: 49.5ms | Allocations: 5494)
Completed 200 OK in 87ms (Views: 58.6ms | ActiveRecord: 0.8ms | Allocations: 8094)


Started GET "/categories" for ::1 at 2022-08-20 16:00:01 +0200
Processing by CategoriesController#index as HTML
  [1m[36mUser Load (0.7ms)[0m  [1m[34mSELECT "users".* FROM "users" WHERE "users"."id" = $1 ORDER BY "users"."id" ASC LIMIT $2[0m  [["id", 2], ["LIMIT", 1]]
  ↳ app/controllers/categories_controller.rb:3:in `index'
  Rendering layout layouts/application.html.erb
  Rendering categories/index.html.erb within layouts/application
  [1m[36mCategory Exists? (2.8ms)[0m  [1m[34mSELECT 1 AS one FROM "categories" WHERE "categories"."user_id" = $1 LIMIT $2[0m  [["user_id", 2], ["LIMIT", 1]]
  ↳ app/views/categories/index.html.erb:3
  Rendered categories/index.html.erb within layouts/application (Duration: 25.3ms | Allocations: 1581)
  Rendered layouts/_navbar.html.erb (Duration: 0.2ms | Allocations: 83)
  Rendered layout layouts/application.html.erb (Duration: 90.6ms | Allocations: 4321)
Completed 200 OK in 245ms (Views: 100.4ms | ActiveRecord: 18.0ms | Allocations: 11740)


Started GET "/categories/new" for ::1 at 2022-08-20 16:00:06 +0200
Processing by CategoriesController#new as HTML
  Rendering layout layouts/application.html.erb
  Rendering categories/new.html.erb within layouts/application
  Rendered categories/_form.html.erb (Duration: 9.4ms | Allocations: 1897)
  Rendered categories/new.html.erb within layouts/application (Duration: 21.7ms | Allocations: 2166)
  Rendered layouts/_navbar.html.erb (Duration: 0.3ms | Allocations: 110)
  Rendered layout layouts/application.html.erb (Duration: 29.1ms | Allocations: 4702)
Completed 200 OK in 38ms (Views: 29.8ms | ActiveRecord: 0.0ms | Allocations: 6217)


Started POST "/categories" for ::1 at 2022-08-20 16:00:19 +0200
Processing by CategoriesController#create as TURBO_STREAM
  Parameters: {"authenticity_token"=>"[FILTERED]", "category"=>{"name"=>"Gitcoin", "icon"=>"Euro"}, "commit"=>"Save"}
  [1m[36mUser Load (0.7ms)[0m  [1m[34mSELECT "users".* FROM "users" WHERE "users"."id" = $1 ORDER BY "users"."id" ASC LIMIT $2[0m  [["id", 2], ["LIMIT", 1]]
  ↳ app/controllers/categories_controller.rb:39:in `category_params'
  [1m[36mTRANSACTION (0.3ms)[0m  [1m[35mBEGIN[0m
  ↳ app/controllers/categories_controller.rb:18:in `create'
  [1m[36mUser Load (1.9ms)[0m  [1m[34mSELECT "users".* FROM "users" WHERE "users"."id" = $1 LIMIT $2[0m  [["id", 2], ["LIMIT", 1]]
  ↳ app/controllers/categories_controller.rb:18:in `create'
  [1m[36mCategory Create (8.6ms)[0m  [1m[32mINSERT INTO "categories" ("name", "icon", "user_id", "created_at", "updated_at") VALUES ($1, $2, $3, $4, $5) RETURNING "id"[0m  [["name", "Gitcoin"], ["icon", "Euro"], ["user_id", 2], ["created_at", "2022-08-20 14:00:19.182575"], ["updated_at", "2022-08-20 14:00:19.182575"]]
  ↳ app/controllers/categories_controller.rb:18:in `create'
  [1m[36mTRANSACTION (2.9ms)[0m  [1m[35mCOMMIT[0m
  ↳ app/controllers/categories_controller.rb:18:in `create'
Redirected to http://localhost:3000/categories
Completed 302 Found in 51ms (ActiveRecord: 14.3ms | Allocations: 6374)


Started GET "/categories" for ::1 at 2022-08-20 16:00:21 +0200
Processing by CategoriesController#index as TURBO_STREAM
  [1m[36mUser Load (1.2ms)[0m  [1m[34mSELECT "users".* FROM "users" WHERE "users"."id" = $1 ORDER BY "users"."id" ASC LIMIT $2[0m  [["id", 2], ["LIMIT", 1]]
  ↳ app/controllers/categories_controller.rb:3:in `index'
  Rendering layout layouts/application.html.erb
  Rendering categories/index.html.erb within layouts/application
  [1m[36mCategory Exists? (6.1ms)[0m  [1m[34mSELECT 1 AS one FROM "categories" WHERE "categories"."user_id" = $1 LIMIT $2[0m  [["user_id", 2], ["LIMIT", 1]]
  ↳ app/views/categories/index.html.erb:3
  [1m[36mCategory Load (1.1ms)[0m  [1m[34mSELECT "categories".* FROM "categories" WHERE "categories"."user_id" = $1[0m  [["user_id", 2]]
  ↳ app/views/categories/index.html.erb:6
  [1m[36mTransaction Sum (1.5ms)[0m  [1m[34mSELECT SUM("transactions"."amount") FROM "transactions" WHERE "transactions"."category_id" = $1[0m  [["category_id", 2]]
  ↳ app/views/categories/_category.html.erb:9
  Rendered categories/_category.html.erb (Duration: 27.8ms | Allocations: 3393)
  Rendered categories/index.html.erb within layouts/application (Duration: 43.1ms | Allocations: 5789)
  Rendered layouts/_navbar.html.erb (Duration: 0.2ms | Allocations: 64)
  Rendered layout layouts/application.html.erb (Duration: 50.0ms | Allocations: 8419)
Completed 200 OK in 58ms (Views: 41.9ms | ActiveRecord: 9.9ms | Allocations: 10362)


Started GET "/Euro" for ::1 at 2022-08-20 16:00:23 +0200
  
ActionController::RoutingError (No route matches [GET] "/Euro"):
  
Started GET "/categories" for ::1 at 2022-08-20 16:41:24 +0200
Processing by CategoriesController#index as HTML
  [1m[36mUser Load (1.7ms)[0m  [1m[34mSELECT "users".* FROM "users" WHERE "users"."id" = $1 ORDER BY "users"."id" ASC LIMIT $2[0m  [["id", 2], ["LIMIT", 1]]
  ↳ app/controllers/categories_controller.rb:3:in `index'
  Rendering layout layouts/application.html.erb
  Rendering categories/index.html.erb within layouts/application
  [1m[36mCategory Exists? (3.1ms)[0m  [1m[34mSELECT 1 AS one FROM "categories" WHERE "categories"."user_id" = $1 LIMIT $2[0m  [["user_id", 2], ["LIMIT", 1]]
  ↳ app/views/categories/index.html.erb:3
  [1m[36mCategory Load (5.6ms)[0m  [1m[34mSELECT "categories".* FROM "categories" WHERE "categories"."user_id" = $1[0m  [["user_id", 2]]
  ↳ app/views/categories/index.html.erb:6
  [1m[36mTransaction Sum (2.3ms)[0m  [1m[34mSELECT SUM("transactions"."amount") FROM "transactions" WHERE "transactions"."category_id" = $1[0m  [["category_id", 2]]
  ↳ app/views/categories/_category.html.erb:9
  Rendered categories/_category.html.erb (Duration: 19.3ms | Allocations: 1190)
  Rendered categories/index.html.erb within layouts/application (Duration: 59.3ms | Allocations: 3138)
  Rendered layouts/_navbar.html.erb (Duration: 4.6ms | Allocations: 388)
  Rendered layout layouts/application.html.erb (Duration: 137.1ms | Allocations: 8351)
Completed 200 OK in 292ms (Views: 154.0ms | ActiveRecord: 39.1ms | Allocations: 13911)


Started GET "/Euro" for ::1 at 2022-08-20 16:41:26 +0200
  
ActionController::RoutingError (No route matches [GET] "/Euro"):
  
Started GET "/categories/2" for ::1 at 2022-08-20 16:41:54 +0200
Processing by CategoriesController#show as HTML
  Parameters: {"id"=>"2"}
  [1m[36mCategory Load (2.6ms)[0m  [1m[34mSELECT "categories".* FROM "categories" WHERE "categories"."id" = $1 LIMIT $2[0m  [["id", 2], ["LIMIT", 1]]
  ↳ app/controllers/categories_controller.rb:7:in `show'
  Rendering layout layouts/application.html.erb
  Rendering categories/show.html.erb within layouts/application
  [1m[36mTransaction Sum (3.0ms)[0m  [1m[34mSELECT SUM("transactions"."amount") FROM "transactions" WHERE "transactions"."category_id" = $1[0m  [["category_id", 2]]
  ↳ app/views/categories/show.html.erb:8
  [1m[36mTransaction Exists? (4.6ms)[0m  [1m[34mSELECT 1 AS one FROM "transactions" WHERE "transactions"."category_id" = $1 LIMIT $2[0m  [["category_id", 2], ["LIMIT", 1]]
  ↳ app/views/categories/show.html.erb:12
  Rendered categories/show.html.erb within layouts/application (Duration: 22.8ms | Allocations: 2658)
  Rendered layouts/_navbar.html.erb (Duration: 2.1ms | Allocations: 112)
  Rendered layout layouts/application.html.erb (Duration: 30.2ms | Allocations: 5197)
Completed 200 OK in 46ms (Views: 23.1ms | ActiveRecord: 10.3ms | Allocations: 6861)


Started GET "/categories/Euro" for ::1 at 2022-08-20 16:41:56 +0200
Processing by CategoriesController#show as HTML
  Parameters: {"id"=>"Euro"}
  [1m[36mCategory Load (4.9ms)[0m  [1m[34mSELECT "categories".* FROM "categories" WHERE "categories"."id" = $1 LIMIT $2[0m  [["id", nil], ["LIMIT", 1]]
  ↳ app/controllers/categories_controller.rb:7:in `show'
Completed 404 Not Found in 13ms (ActiveRecord: 4.9ms | Allocations: 994)


  
ActiveRecord::RecordNotFound (Couldn't find Category with 'id'=Euro):
  
app/controllers/categories_controller.rb:7:in `show'
Started GET "/categories" for ::1 at 2022-08-20 16:42:00 +0200
Processing by CategoriesController#index as HTML
Started GET "/Euro" for ::1 at 2022-08-20 16:42:00 +0200
  
ActionController::RoutingError (No route matches [GET] "/Euro"):
  
  [1m[36mUser Load (52.4ms)[0m  [1m[34mSELECT "users".* FROM "users" WHERE "users"."id" = $1 ORDER BY "users"."id" ASC LIMIT $2[0m  [["id", 2], ["LIMIT", 1]]
  ↳ app/controllers/categories_controller.rb:3:in `index'
  Rendering layout layouts/application.html.erb
  Rendering categories/index.html.erb within layouts/application
  [1m[36mCategory Exists? (1.0ms)[0m  [1m[34mSELECT 1 AS one FROM "categories" WHERE "categories"."user_id" = $1 LIMIT $2[0m  [["user_id", 2], ["LIMIT", 1]]
  ↳ app/views/categories/index.html.erb:3
  [1m[36mCategory Load (0.9ms)[0m  [1m[34mSELECT "categories".* FROM "categories" WHERE "categories"."user_id" = $1[0m  [["user_id", 2]]
  ↳ app/views/categories/index.html.erb:6
  [1m[36mTransaction Sum (1.6ms)[0m  [1m[34mSELECT SUM("transactions"."amount") FROM "transactions" WHERE "transactions"."category_id" = $1[0m  [["category_id", 2]]
  ↳ app/views/categories/_category.html.erb:9
  Rendered categories/_category.html.erb (Duration: 4.1ms | Allocations: 850)
  Rendered categories/index.html.erb within layouts/application (Duration: 9.3ms | Allocations: 2291)
  Rendered layouts/_navbar.html.erb (Duration: 0.2ms | Allocations: 71)
  Rendered layout layouts/application.html.erb (Duration: 13.9ms | Allocations: 4824)
Completed 200 OK in 136ms (Views: 12.2ms | ActiveRecord: 55.9ms | Allocations: 27435)


Started GET "/categories/2" for ::1 at 2022-08-20 16:42:02 +0200
Processing by CategoriesController#show as HTML
  Parameters: {"id"=>"2"}
Started GET "/categories/Euro" for ::1 at 2022-08-20 16:42:02 +0200
Processing by CategoriesController#show as HTML
  Parameters: {"id"=>"Euro"}
  [1m[36mCategory Load (16.5ms)[0m  [1m[34mSELECT "categories".* FROM "categories" WHERE "categories"."id" = $1 LIMIT $2[0m  [["id", 2], ["LIMIT", 1]]
  ↳ app/controllers/categories_controller.rb:7:in `show'
  Rendering layout layouts/application.html.erb
  Rendering categories/show.html.erb within layouts/application
  [1m[36mTransaction Sum (2.3ms)[0m  [1m[34mSELECT SUM("transactions"."amount") FROM "transactions" WHERE "transactions"."category_id" = $1[0m  [["category_id", 2]]
  ↳ app/views/categories/show.html.erb:8
  [1m[36mTransaction Exists? (4.6ms)[0m  [1m[34mSELECT 1 AS one FROM "transactions" WHERE "transactions"."category_id" = $1 LIMIT $2[0m  [["category_id", 2], ["LIMIT", 1]]
  ↳ app/views/categories/show.html.erb:12
  Rendered categories/show.html.erb within layouts/application (Duration: 12.9ms | Allocations: 2612)
  Rendered layouts/_navbar.html.erb (Duration: 0.2ms | Allocations: 118)
  Rendered layout layouts/application.html.erb (Duration: 18.2ms | Allocations: 5190)
Completed 200 OK in 45ms (Views: 11.8ms | ActiveRecord: 23.4ms | Allocations: 8287)


  [1m[36mCategory Load (0.8ms)[0m  [1m[34mSELECT "categories".* FROM "categories" WHERE "categories"."id" = $1 LIMIT $2[0m  [["id", nil], ["LIMIT", 1]]
  ↳ app/controllers/categories_controller.rb:7:in `show'
Completed 404 Not Found in 97ms (ActiveRecord: 11.5ms | Allocations: 10296)


  
ActiveRecord::RecordNotFound (Couldn't find Category with 'id'=Euro):
  
app/controllers/categories_controller.rb:7:in `show'
Started GET "/categories" for ::1 at 2022-08-20 16:42:04 +0200
Processing by CategoriesController#index as HTML
  [1m[36mUser Load (8.1ms)[0m  [1m[34mSELECT "users".* FROM "users" WHERE "users"."id" = $1 ORDER BY "users"."id" ASC LIMIT $2[0m  [["id", 2], ["LIMIT", 1]]
  ↳ app/controllers/categories_controller.rb:3:in `index'
  Rendering layout layouts/application.html.erb
  Rendering categories/index.html.erb within layouts/application
Started GET "/Euro" for ::1 at 2022-08-20 16:42:04 +0200
  [1m[36mCategory Exists? (11.3ms)[0m  [1m[34mSELECT 1 AS one FROM "categories" WHERE "categories"."user_id" = $1 LIMIT $2[0m  [["user_id", 2], ["LIMIT", 1]]
  ↳ app/views/categories/index.html.erb:3
  
ActionController::RoutingError (No route matches [GET] "/Euro"):
  
  [1m[36mCategory Load (27.7ms)[0m  [1m[34mSELECT "categories".* FROM "categories" WHERE "categories"."user_id" = $1[0m  [["user_id", 2]]
  ↳ app/views/categories/index.html.erb:6
  [1m[36mTransaction Sum (0.7ms)[0m  [1m[34mSELECT SUM("transactions"."amount") FROM "transactions" WHERE "transactions"."category_id" = $1[0m  [["category_id", 2]]
  ↳ app/views/categories/_category.html.erb:9
  Rendered categories/_category.html.erb (Duration: 4.1ms | Allocations: 883)
  Rendered categories/index.html.erb within layouts/application (Duration: 57.4ms | Allocations: 16098)
  Rendered layouts/_navbar.html.erb (Duration: 1.0ms | Allocations: 71)
  Rendered layout layouts/application.html.erb (Duration: 64.4ms | Allocations: 18621)
Completed 200 OK in 111ms (Views: 25.9ms | ActiveRecord: 47.8ms | Allocations: 20499)


Started GET "/categories" for ::1 at 2022-08-20 16:42:46 +0200
Processing by CategoriesController#index as HTML
  [1m[36mUser Load (0.6ms)[0m  [1m[34mSELECT "users".* FROM "users" WHERE "users"."id" = $1 ORDER BY "users"."id" ASC LIMIT $2[0m  [["id", 2], ["LIMIT", 1]]
  ↳ app/controllers/categories_controller.rb:3:in `index'
  Rendering layout layouts/application.html.erb
  Rendering categories/index.html.erb within layouts/application
  [1m[36mCategory Exists? (1.1ms)[0m  [1m[34mSELECT 1 AS one FROM "categories" WHERE "categories"."user_id" = $1 LIMIT $2[0m  [["user_id", 2], ["LIMIT", 1]]
  ↳ app/views/categories/index.html.erb:3
  [1m[36mCategory Load (0.7ms)[0m  [1m[34mSELECT "categories".* FROM "categories" WHERE "categories"."user_id" = $1[0m  [["user_id", 2]]
  ↳ app/views/categories/index.html.erb:6
  [1m[36mTransaction Sum (0.7ms)[0m  [1m[34mSELECT SUM("transactions"."amount") FROM "transactions" WHERE "transactions"."category_id" = $1[0m  [["category_id", 2]]
  ↳ app/views/categories/_category.html.erb:9
  Rendered categories/_category.html.erb (Duration: 4.5ms | Allocations: 832)
  Rendered categories/index.html.erb within layouts/application (Duration: 12.7ms | Allocations: 2227)
  Rendered layouts/_navbar.html.erb (Duration: 0.1ms | Allocations: 61)
  Rendered layout layouts/application.html.erb (Duration: 29.3ms | Allocations: 6460)
Completed 200 OK in 36ms (Views: 27.4ms | ActiveRecord: 3.1ms | Allocations: 8286)


Started GET "/Euro" for ::1 at 2022-08-20 16:42:48 +0200
  
ActionController::RoutingError (No route matches [GET] "/Euro"):
  
Started GET "/categories" for ::1 at 2022-08-20 16:43:06 +0200
Processing by CategoriesController#index as HTML
  [1m[36mUser Load (1.0ms)[0m  [1m[34mSELECT "users".* FROM "users" WHERE "users"."id" = $1 ORDER BY "users"."id" ASC LIMIT $2[0m  [["id", 2], ["LIMIT", 1]]
  ↳ app/controllers/categories_controller.rb:3:in `index'
  Rendering layout layouts/application.html.erb
  Rendering categories/index.html.erb within layouts/application
  [1m[36mCategory Exists? (3.2ms)[0m  [1m[34mSELECT 1 AS one FROM "categories" WHERE "categories"."user_id" = $1 LIMIT $2[0m  [["user_id", 2], ["LIMIT", 1]]
  ↳ app/views/categories/index.html.erb:3
  [1m[36mCategory Load (2.2ms)[0m  [1m[34mSELECT "categories".* FROM "categories" WHERE "categories"."user_id" = $1[0m  [["user_id", 2]]
  ↳ app/views/categories/index.html.erb:6
  [1m[36mTransaction Sum (1.2ms)[0m  [1m[34mSELECT SUM("transactions"."amount") FROM "transactions" WHERE "transactions"."category_id" = $1[0m  [["category_id", 2]]
  ↳ app/views/categories/_category.html.erb:9
  Rendered categories/_category.html.erb (Duration: 3.3ms | Allocations: 832)
  Rendered categories/index.html.erb within layouts/application (Duration: 12.6ms | Allocations: 2227)
  Rendered layouts/_navbar.html.erb (Duration: 0.2ms | Allocations: 61)
  Rendered layout layouts/application.html.erb (Duration: 29.4ms | Allocations: 6457)
Completed 200 OK in 37ms (Views: 24.6ms | ActiveRecord: 7.6ms | Allocations: 8292)


Started GET "/Euro" for ::1 at 2022-08-20 16:43:08 +0200
  
ActionController::RoutingError (No route matches [GET] "/Euro"):
  
Started GET "/categories" for ::1 at 2022-08-20 16:43:24 +0200
Processing by CategoriesController#index as HTML
  [1m[36mUser Load (0.6ms)[0m  [1m[34mSELECT "users".* FROM "users" WHERE "users"."id" = $1 ORDER BY "users"."id" ASC LIMIT $2[0m  [["id", 2], ["LIMIT", 1]]
  ↳ app/controllers/categories_controller.rb:3:in `index'
  Rendering layout layouts/application.html.erb
  Rendering categories/index.html.erb within layouts/application
  [1m[36mCategory Exists? (1.7ms)[0m  [1m[34mSELECT 1 AS one FROM "categories" WHERE "categories"."user_id" = $1 LIMIT $2[0m  [["user_id", 2], ["LIMIT", 1]]
  ↳ app/views/categories/index.html.erb:3
  [1m[36mCategory Load (2.1ms)[0m  [1m[34mSELECT "categories".* FROM "categories" WHERE "categories"."user_id" = $1[0m  [["user_id", 2]]
  ↳ app/views/categories/index.html.erb:6
  [1m[36mTransaction Sum (0.8ms)[0m  [1m[34mSELECT SUM("transactions"."amount") FROM "transactions" WHERE "transactions"."category_id" = $1[0m  [["category_id", 2]]
  ↳ app/views/categories/_category.html.erb:9
  Rendered categories/_category.html.erb (Duration: 3.3ms | Allocations: 832)
  Rendered categories/index.html.erb within layouts/application (Duration: 14.9ms | Allocations: 2227)
  Rendered layouts/_navbar.html.erb (Duration: 0.2ms | Allocations: 61)
  Rendered layout layouts/application.html.erb (Duration: 29.9ms | Allocations: 6459)
Completed 200 OK in 40ms (Views: 25.9ms | ActiveRecord: 5.2ms | Allocations: 8303)


Started GET "/Euro" for ::1 at 2022-08-20 16:43:26 +0200
  
ActionController::RoutingError (No route matches [GET] "/Euro"):
  
Started GET "/categories/new" for ::1 at 2022-08-20 16:43:55 +0200
Processing by CategoriesController#new as HTML
  Rendering layout layouts/application.html.erb
  Rendering categories/new.html.erb within layouts/application
  Rendered categories/_form.html.erb (Duration: 7.5ms | Allocations: 1819)
  Rendered categories/new.html.erb within layouts/application (Duration: 12.4ms | Allocations: 2088)
  Rendered layouts/_navbar.html.erb (Duration: 0.2ms | Allocations: 107)
  Rendered layout layouts/application.html.erb (Duration: 41.3ms | Allocations: 4631)
Completed 200 OK in 45ms (Views: 43.5ms | ActiveRecord: 0.0ms | Allocations: 4976)


Started GET "/categories/Euro" for ::1 at 2022-08-20 16:43:57 +0200
Processing by CategoriesController#show as HTML
  Parameters: {"id"=>"Euro"}
  [1m[36mCategory Load (2.6ms)[0m  [1m[34mSELECT "categories".* FROM "categories" WHERE "categories"."id" = $1 LIMIT $2[0m  [["id", nil], ["LIMIT", 1]]
  ↳ app/controllers/categories_controller.rb:7:in `show'
Completed 404 Not Found in 6ms (ActiveRecord: 2.6ms | Allocations: 959)


  
ActiveRecord::RecordNotFound (Couldn't find Category with 'id'=Euro):
  
app/controllers/categories_controller.rb:7:in `show'
Started POST "/categories" for ::1 at 2022-08-20 16:44:07 +0200
Processing by CategoriesController#create as TURBO_STREAM
  Parameters: {"authenticity_token"=>"[FILTERED]", "category"=>{"name"=>"Buffet", "icon"=>"Sterling"}, "commit"=>"Save"}
  [1m[36mUser Load (0.4ms)[0m  [1m[34mSELECT "users".* FROM "users" WHERE "users"."id" = $1 ORDER BY "users"."id" ASC LIMIT $2[0m  [["id", 2], ["LIMIT", 1]]
  ↳ app/controllers/categories_controller.rb:39:in `category_params'
  [1m[36mTRANSACTION (0.9ms)[0m  [1m[35mBEGIN[0m
  ↳ app/controllers/categories_controller.rb:18:in `create'
  [1m[36mUser Load (0.8ms)[0m  [1m[34mSELECT "users".* FROM "users" WHERE "users"."id" = $1 LIMIT $2[0m  [["id", 2], ["LIMIT", 1]]
  ↳ app/controllers/categories_controller.rb:18:in `create'
  [1m[36mCategory Create (1.4ms)[0m  [1m[32mINSERT INTO "categories" ("name", "icon", "user_id", "created_at", "updated_at") VALUES ($1, $2, $3, $4, $5) RETURNING "id"[0m  [["name", "Buffet"], ["icon", "Sterling"], ["user_id", 2], ["created_at", "2022-08-20 14:44:07.819243"], ["updated_at", "2022-08-20 14:44:07.819243"]]
  ↳ app/controllers/categories_controller.rb:18:in `create'
  [1m[36mTRANSACTION (2.0ms)[0m  [1m[35mCOMMIT[0m
  ↳ app/controllers/categories_controller.rb:18:in `create'
Redirected to http://localhost:3000/categories
Completed 302 Found in 19ms (ActiveRecord: 5.5ms | Allocations: 4691)


Started GET "/categories" for ::1 at 2022-08-20 16:44:09 +0200
Processing by CategoriesController#index as TURBO_STREAM
  [1m[36mUser Load (0.9ms)[0m  [1m[34mSELECT "users".* FROM "users" WHERE "users"."id" = $1 ORDER BY "users"."id" ASC LIMIT $2[0m  [["id", 2], ["LIMIT", 1]]
  ↳ app/controllers/categories_controller.rb:3:in `index'
  Rendering layout layouts/application.html.erb
  Rendering categories/index.html.erb within layouts/application
  [1m[36mCategory Exists? (1.8ms)[0m  [1m[34mSELECT 1 AS one FROM "categories" WHERE "categories"."user_id" = $1 LIMIT $2[0m  [["user_id", 2], ["LIMIT", 1]]
  ↳ app/views/categories/index.html.erb:3
  [1m[36mCategory Load (4.7ms)[0m  [1m[34mSELECT "categories".* FROM "categories" WHERE "categories"."user_id" = $1[0m  [["user_id", 2]]
  ↳ app/views/categories/index.html.erb:6
  [1m[36mTransaction Sum (2.1ms)[0m  [1m[34mSELECT SUM("transactions"."amount") FROM "transactions" WHERE "transactions"."category_id" = $1[0m  [["category_id", 2]]
  ↳ app/views/categories/_category.html.erb:9
  Rendered categories/_category.html.erb (Duration: 4.0ms | Allocations: 832)
  [1m[36mTransaction Sum (4.1ms)[0m  [1m[34mSELECT SUM("transactions"."amount") FROM "transactions" WHERE "transactions"."category_id" = $1[0m  [["category_id", 3]]
  ↳ app/views/categories/_category.html.erb:9
  Rendered categories/_category.html.erb (Duration: 7.7ms | Allocations: 823)
  Rendered categories/index.html.erb within layouts/application (Duration: 26.2ms | Allocations: 3185)
  Rendered layouts/_navbar.html.erb (Duration: 0.2ms | Allocations: 61)
  Rendered layout layouts/application.html.erb (Duration: 31.8ms | Allocations: 5690)
Completed 200 OK in 37ms (Views: 19.8ms | ActiveRecord: 13.4ms | Allocations: 7567)


Started GET "/Sterling" for ::1 at 2022-08-20 16:44:11 +0200
Started GET "/Euro" for ::1 at 2022-08-20 16:44:11 +0200
  
ActionController::RoutingError (No route matches [GET] "/Euro"):
  
  
ActionController::RoutingError (No route matches [GET] "/Sterling"):
  
Started GET "/categories" for ::1 at 2022-08-20 16:44:35 +0200
Processing by CategoriesController#index as HTML
  [1m[36mUser Load (1.9ms)[0m  [1m[34mSELECT "users".* FROM "users" WHERE "users"."id" = $1 ORDER BY "users"."id" ASC LIMIT $2[0m  [["id", 2], ["LIMIT", 1]]
  ↳ app/controllers/categories_controller.rb:3:in `index'
  Rendering layout layouts/application.html.erb
  Rendering categories/index.html.erb within layouts/application
  [1m[36mCategory Exists? (1.6ms)[0m  [1m[34mSELECT 1 AS one FROM "categories" WHERE "categories"."user_id" = $1 LIMIT $2[0m  [["user_id", 2], ["LIMIT", 1]]
  ↳ app/views/categories/index.html.erb:3
  [1m[36mCategory Load (1.7ms)[0m  [1m[34mSELECT "categories".* FROM "categories" WHERE "categories"."user_id" = $1[0m  [["user_id", 2]]
  ↳ app/views/categories/index.html.erb:6
  [1m[36mTransaction Sum (1.7ms)[0m  [1m[34mSELECT SUM("transactions"."amount") FROM "transactions" WHERE "transactions"."category_id" = $1[0m  [["category_id", 2]]
  ↳ app/views/categories/_category.html.erb:9
  Rendered categories/_category.html.erb (Duration: 3.8ms | Allocations: 832)
  [1m[36mTransaction Sum (4.0ms)[0m  [1m[34mSELECT SUM("transactions"."amount") FROM "transactions" WHERE "transactions"."category_id" = $1[0m  [["category_id", 3]]
  ↳ app/views/categories/_category.html.erb:9
  Rendered categories/_category.html.erb (Duration: 6.1ms | Allocations: 822)
  Rendered categories/index.html.erb within layouts/application (Duration: 18.5ms | Allocations: 3138)
  Rendered layouts/_navbar.html.erb (Duration: 0.1ms | Allocations: 61)
  Rendered layout layouts/application.html.erb (Duration: 36.0ms | Allocations: 7372)
Completed 200 OK in 45ms (Views: 28.7ms | ActiveRecord: 10.8ms | Allocations: 9198)


Started GET "/Euro" for ::1 at 2022-08-20 16:44:37 +0200
  
ActionController::RoutingError (No route matches [GET] "/Euro"):
  
Started GET "/Sterling" for ::1 at 2022-08-20 16:44:37 +0200
  
ActionController::RoutingError (No route matches [GET] "/Sterling"):
  
Started GET "/categories/2" for ::1 at 2022-08-20 16:44:55 +0200
Processing by CategoriesController#show as HTML
  Parameters: {"id"=>"2"}
  [1m[36mCategory Load (1.8ms)[0m  [1m[34mSELECT "categories".* FROM "categories" WHERE "categories"."id" = $1 LIMIT $2[0m  [["id", 2], ["LIMIT", 1]]
  ↳ app/controllers/categories_controller.rb:7:in `show'
  Rendering layout layouts/application.html.erb
  Rendering categories/show.html.erb within layouts/application
  [1m[36mTransaction Sum (5.0ms)[0m  [1m[34mSELECT SUM("transactions"."amount") FROM "transactions" WHERE "transactions"."category_id" = $1[0m  [["category_id", 2]]
  ↳ app/views/categories/show.html.erb:8
  [1m[36mTransaction Exists? (11.6ms)[0m  [1m[34mSELECT 1 AS one FROM "transactions" WHERE "transactions"."category_id" = $1 LIMIT $2[0m  [["category_id", 2], ["LIMIT", 1]]
  ↳ app/views/categories/show.html.erb:12
  Rendered categories/show.html.erb within layouts/application (Duration: 20.7ms | Allocations: 2253)
  Rendered layouts/_navbar.html.erb (Duration: 0.2ms | Allocations: 108)
  Rendered layout layouts/application.html.erb (Duration: 26.6ms | Allocations: 4795)
Completed 200 OK in 37ms (Views: 10.7ms | ActiveRecord: 18.3ms | Allocations: 5744)


Started GET "/categories/Euro" for ::1 at 2022-08-20 16:44:57 +0200
Processing by CategoriesController#show as HTML
  Parameters: {"id"=>"Euro"}
Started GET "/categories/Sterling" for ::1 at 2022-08-20 16:44:57 +0200
  [1m[36mCategory Load (1.9ms)[0m  [1m[34mSELECT "categories".* FROM "categories" WHERE "categories"."id" = $1 LIMIT $2[0m  [["id", nil], ["LIMIT", 1]]
  ↳ app/controllers/categories_controller.rb:7:in `show'
Completed 404 Not Found in 18ms (ActiveRecord: 1.9ms | Allocations: 1795)


  
ActiveRecord::RecordNotFound (Couldn't find Category with 'id'=Euro):
  
app/controllers/categories_controller.rb:7:in `show'
Processing by CategoriesController#show as HTML
  Parameters: {"id"=>"Sterling"}
  [1m[36mCategory Load (0.4ms)[0m  [1m[34mSELECT "categories".* FROM "categories" WHERE "categories"."id" = $1 LIMIT $2[0m  [["id", nil], ["LIMIT", 1]]
  ↳ app/controllers/categories_controller.rb:7:in `show'
Completed 404 Not Found in 9ms (ActiveRecord: 0.4ms | Allocations: 3825)


  
ActiveRecord::RecordNotFound (Couldn't find Category with 'id'=Sterling):
  
app/controllers/categories_controller.rb:7:in `show'
Started GET "/categories" for ::1 at 2022-08-20 16:45:54 +0200
Started GET "/Euro" for ::1 at 2022-08-20 16:45:54 +0200
Processing by CategoriesController#index as HTML
  
ActionController::RoutingError (No route matches [GET] "/Euro"):
  
  [1m[36mUser Load (69.3ms)[0m  [1m[34mSELECT "users".* FROM "users" WHERE "users"."id" = $1 ORDER BY "users"."id" ASC LIMIT $2[0m  [["id", 2], ["LIMIT", 1]]
  ↳ app/controllers/categories_controller.rb:3:in `index'
  Rendering layout layouts/application.html.erb
  Rendering categories/index.html.erb within layouts/application
  [1m[36mCategory Exists? (1.5ms)[0m  [1m[34mSELECT 1 AS one FROM "categories" WHERE "categories"."user_id" = $1 LIMIT $2[0m  [["user_id", 2], ["LIMIT", 1]]
  ↳ app/views/categories/index.html.erb:3
  [1m[36mCategory Load (0.7ms)[0m  [1m[34mSELECT "categories".* FROM "categories" WHERE "categories"."user_id" = $1[0m  [["user_id", 2]]
  ↳ app/views/categories/index.html.erb:6
  [1m[36mTransaction Sum (4.1ms)[0m  [1m[34mSELECT SUM("transactions"."amount") FROM "transactions" WHERE "transactions"."category_id" = $1[0m  [["category_id", 2]]
  ↳ app/views/categories/_category.html.erb:9
  Rendered categories/_category.html.erb (Duration: 8.4ms | Allocations: 850)
  [1m[36mTransaction Sum (0.5ms)[0m  [1m[34mSELECT SUM("transactions"."amount") FROM "transactions" WHERE "transactions"."category_id" = $1[0m  [["category_id", 3]]
  ↳ app/views/categories/_category.html.erb:9
  Rendered categories/_category.html.erb (Duration: 3.4ms | Allocations: 841)
  Rendered categories/index.html.erb within layouts/application (Duration: 20.9ms | Allocations: 3225)
  Rendered layouts/_navbar.html.erb (Duration: 0.2ms | Allocations: 71)
  Rendered layout layouts/application.html.erb (Duration: 31.1ms | Allocations: 5758)
Completed 200 OK in 123ms (Views: 25.1ms | ActiveRecord: 76.1ms | Allocations: 20588)


Started GET "/Sterling" for ::1 at 2022-08-20 16:45:56 +0200
Started GET "/Euro" for ::1 at 2022-08-20 16:45:56 +0200
  
ActionController::RoutingError (No route matches [GET] "/Sterling"):
  
  
ActionController::RoutingError (No route matches [GET] "/Euro"):
  
Started GET "/categories" for ::1 at 2022-08-20 16:51:32 +0200
Processing by CategoriesController#index as HTML
  [1m[36mUser Load (0.7ms)[0m  [1m[34mSELECT "users".* FROM "users" WHERE "users"."id" = $1 ORDER BY "users"."id" ASC LIMIT $2[0m  [["id", 2], ["LIMIT", 1]]
  ↳ app/controllers/categories_controller.rb:3:in `index'
  Rendering layout layouts/application.html.erb
  Rendering categories/index.html.erb within layouts/application
  [1m[36mCategory Exists? (1.3ms)[0m  [1m[34mSELECT 1 AS one FROM "categories" WHERE "categories"."user_id" = $1 LIMIT $2[0m  [["user_id", 2], ["LIMIT", 1]]
  ↳ app/views/categories/index.html.erb:3
  [1m[36mCategory Load (3.4ms)[0m  [1m[34mSELECT "categories".* FROM "categories" WHERE "categories"."user_id" = $1[0m  [["user_id", 2]]
  ↳ app/views/categories/index.html.erb:6
  [1m[36mTransaction Sum (1.9ms)[0m  [1m[34mSELECT SUM("transactions"."amount") FROM "transactions" WHERE "transactions"."category_id" = $1[0m  [["category_id", 2]]
  ↳ app/views/categories/_category.html.erb:9
  Rendered categories/_category.html.erb (Duration: 8.5ms | Allocations: 1190)
  [1m[36mTransaction Sum (2.0ms)[0m  [1m[34mSELECT SUM("transactions"."amount") FROM "transactions" WHERE "transactions"."category_id" = $1[0m  [["category_id", 3]]
  ↳ app/views/categories/_category.html.erb:9
  Rendered categories/_category.html.erb (Duration: 5.5ms | Allocations: 822)
  Rendered categories/index.html.erb within layouts/application (Duration: 36.0ms | Allocations: 4045)
  Rendered layouts/_navbar.html.erb (Duration: 1.1ms | Allocations: 388)
  Rendered layout layouts/application.html.erb (Duration: 66.1ms | Allocations: 9266)
Completed 200 OK in 155ms (Views: 61.0ms | ActiveRecord: 18.4ms | Allocations: 14672)


Started GET "/Sterling" for ::1 at 2022-08-20 16:51:35 +0200
Started GET "/Euro" for ::1 at 2022-08-20 16:51:35 +0200
  
ActionController::RoutingError (No route matches [GET] "/Sterling"):
  
  
ActionController::RoutingError (No route matches [GET] "/Euro"):
  
Started GET "/categories/2" for ::1 at 2022-08-20 16:54:37 +0200
Processing by CategoriesController#show as HTML
  Parameters: {"id"=>"2"}
  [1m[36mCategory Load (2.8ms)[0m  [1m[34mSELECT "categories".* FROM "categories" WHERE "categories"."id" = $1 LIMIT $2[0m  [["id", 2], ["LIMIT", 1]]
  ↳ app/controllers/categories_controller.rb:7:in `show'
  Rendering layout layouts/application.html.erb
  Rendering categories/show.html.erb within layouts/application
  [1m[36mTransaction Sum (3.3ms)[0m  [1m[34mSELECT SUM("transactions"."amount") FROM "transactions" WHERE "transactions"."category_id" = $1[0m  [["category_id", 2]]
  ↳ app/views/categories/show.html.erb:8
  [1m[36mTransaction Exists? (15.5ms)[0m  [1m[34mSELECT 1 AS one FROM "transactions" WHERE "transactions"."category_id" = $1 LIMIT $2[0m  [["category_id", 2], ["LIMIT", 1]]
  ↳ app/views/categories/show.html.erb:12
  Rendered categories/show.html.erb within layouts/application (Duration: 54.4ms | Allocations: 2576)
  Rendered layouts/_navbar.html.erb (Duration: 0.2ms | Allocations: 112)
  Rendered layout layouts/application.html.erb (Duration: 72.3ms | Allocations: 5109)
Completed 200 OK in 95ms (Views: 60.1ms | ActiveRecord: 21.7ms | Allocations: 6155)


Started GET "/categories/Euro" for ::1 at 2022-08-20 16:54:39 +0200
Processing by CategoriesController#show as HTML
  Parameters: {"id"=>"Euro"}
  [1m[36mCategory Load (0.5ms)[0m  [1m[34mSELECT "categories".* FROM "categories" WHERE "categories"."id" = $1 LIMIT $2[0m  [["id", nil], ["LIMIT", 1]]
  ↳ app/controllers/categories_controller.rb:7:in `show'
Completed 404 Not Found in 4ms (ActiveRecord: 0.5ms | Allocations: 966)


  
ActiveRecord::RecordNotFound (Couldn't find Category with 'id'=Euro):
  
app/controllers/categories_controller.rb:7:in `show'
Started GET "/categories/Sterling" for ::1 at 2022-08-20 16:54:39 +0200
Processing by CategoriesController#show as HTML
  Parameters: {"id"=>"Sterling"}
  [1m[36mCategory Load (1.1ms)[0m  [1m[34mSELECT "categories".* FROM "categories" WHERE "categories"."id" = $1 LIMIT $2[0m  [["id", nil], ["LIMIT", 1]]
  ↳ app/controllers/categories_controller.rb:7:in `show'
Completed 404 Not Found in 85ms (ActiveRecord: 21.2ms | Allocations: 17687)


  
ActiveRecord::RecordNotFound (Couldn't find Category with 'id'=Sterling):
  
app/controllers/categories_controller.rb:7:in `show'
Started GET "/" for ::1 at 2022-08-20 17:24:02 +0200
  [1m[36mActiveRecord::SchemaMigration Pluck (1.7ms)[0m  [1m[34mSELECT "schema_migrations"."version" FROM "schema_migrations" ORDER BY "schema_migrations"."version" ASC[0m
Processing by UnlocksController#index as HTML
  [1m[36mUser Load (1.8ms)[0m  [1m[34mSELECT "users".* FROM "users" WHERE "users"."id" = $1 ORDER BY "users"."id" ASC LIMIT $2[0m  [["id", 2], ["LIMIT", 1]]
  ↳ app/controllers/unlocks_controller.rb:3:in `index'
Redirected to http://localhost:3000/users
Completed 302 Found in 79ms (ActiveRecord: 26.0ms | Allocations: 17452)


Started GET "/users" for ::1 at 2022-08-20 17:24:04 +0200
Processing by UsersController#index as HTML
  [1m[36mUser Load (0.7ms)[0m  [1m[34mSELECT "users".* FROM "users" WHERE "users"."id" = $1 ORDER BY "users"."id" ASC LIMIT $2[0m  [["id", 2], ["LIMIT", 1]]
  ↳ app/controllers/users_controller.rb:3:in `index'
  Rendering layout layouts/application.html.erb
  Rendering users/index.html.erb within layouts/application
  Rendered users/index.html.erb within layouts/application (Duration: 3.4ms | Allocations: 730)
  Rendered layouts/_navbar.html.erb (Duration: 1.5ms | Allocations: 445)
  Rendered layout layouts/application.html.erb (Duration: 517.7ms | Allocations: 98654)
Completed 200 OK in 545ms (Views: 529.6ms | ActiveRecord: 0.7ms | Allocations: 104322)


Started GET "/" for ::1 at 2022-08-20 17:24:11 +0200
Processing by UnlocksController#index as HTML
  [1m[36mUser Load (1.3ms)[0m  [1m[34mSELECT "users".* FROM "users" WHERE "users"."id" = $1 ORDER BY "users"."id" ASC LIMIT $2[0m  [["id", 2], ["LIMIT", 1]]
  ↳ app/controllers/unlocks_controller.rb:3:in `index'
Redirected to http://localhost:3000/users
Completed 302 Found in 24ms (ActiveRecord: 1.3ms | Allocations: 1722)


Started GET "/users" for ::1 at 2022-08-20 17:24:11 +0200
Processing by UsersController#index as HTML
  [1m[36mUser Load (0.4ms)[0m  [1m[34mSELECT "users".* FROM "users" WHERE "users"."id" = $1 ORDER BY "users"."id" ASC LIMIT $2[0m  [["id", 2], ["LIMIT", 1]]
  ↳ app/controllers/users_controller.rb:3:in `index'
  Rendering layout layouts/application.html.erb
  Rendering users/index.html.erb within layouts/application
  Rendered users/index.html.erb within layouts/application (Duration: 0.5ms | Allocations: 57)
  Rendered layouts/_navbar.html.erb (Duration: 0.2ms | Allocations: 63)
  Rendered layout layouts/application.html.erb (Duration: 12.4ms | Allocations: 2578)
Completed 200 OK in 24ms (Views: 15.6ms | ActiveRecord: 0.4ms | Allocations: 4249)


Started GET "/" for ::1 at 2022-08-20 17:24:15 +0200
Processing by UnlocksController#index as HTML
  [1m[36mUser Load (1.9ms)[0m  [1m[34mSELECT "users".* FROM "users" WHERE "users"."id" = $1 ORDER BY "users"."id" ASC LIMIT $2[0m  [["id", 2], ["LIMIT", 1]]
  ↳ app/controllers/unlocks_controller.rb:3:in `index'
Redirected to http://localhost:3000/users
Completed 302 Found in 8ms (ActiveRecord: 1.9ms | Allocations: 1520)


Started GET "/users" for ::1 at 2022-08-20 17:24:15 +0200
Processing by UsersController#index as HTML
  [1m[36mUser Load (2.6ms)[0m  [1m[34mSELECT "users".* FROM "users" WHERE "users"."id" = $1 ORDER BY "users"."id" ASC LIMIT $2[0m  [["id", 2], ["LIMIT", 1]]
  ↳ app/controllers/users_controller.rb:3:in `index'
  Rendering layout layouts/application.html.erb
  Rendering users/index.html.erb within layouts/application
  Rendered users/index.html.erb within layouts/application (Duration: 0.2ms | Allocations: 57)
  Rendered layouts/_navbar.html.erb (Duration: 0.2ms | Allocations: 63)
  Rendered layout layouts/application.html.erb (Duration: 11.7ms | Allocations: 2576)
Completed 200 OK in 27ms (Views: 12.2ms | ActiveRecord: 2.6ms | Allocations: 4211)


  [1m[35m (0.3ms)[0m  [1m[34mSELECT pg_try_advisory_lock(7278333278047023150)[0m
  [1m[36mActiveRecord::SchemaMigration Pluck (0.7ms)[0m  [1m[34mSELECT "schema_migrations"."version" FROM "schema_migrations" ORDER BY "schema_migrations"."version" ASC[0m
  [1m[36mActiveRecord::InternalMetadata Load (1.0ms)[0m  [1m[34mSELECT "ar_internal_metadata".* FROM "ar_internal_metadata" WHERE "ar_internal_metadata"."key" = $1 LIMIT $2[0m  [["key", "environment"], ["LIMIT", 1]]
  [1m[35m (0.3ms)[0m  [1m[34mSELECT pg_advisory_unlock(7278333278047023150)[0m
  [1m[36mActiveRecord::SchemaMigration Pluck (0.7ms)[0m  [1m[34mSELECT "schema_migrations"."version" FROM "schema_migrations" ORDER BY "schema_migrations"."version" ASC[0m
  [1m[35m (0.3ms)[0m  [1m[34mSELECT pg_try_advisory_lock(7278333278047023150)[0m
  [1m[36mActiveRecord::SchemaMigration Pluck (0.8ms)[0m  [1m[34mSELECT "schema_migrations"."version" FROM "schema_migrations" ORDER BY "schema_migrations"."version" ASC[0m
  [1m[36mActiveRecord::InternalMetadata Load (0.5ms)[0m  [1m[34mSELECT "ar_internal_metadata".* FROM "ar_internal_metadata" WHERE "ar_internal_metadata"."key" = $1 LIMIT $2[0m  [["key", "environment"], ["LIMIT", 1]]
  [1m[35m (0.3ms)[0m  [1m[34mSELECT pg_advisory_unlock(7278333278047023150)[0m
  [1m[36mActiveRecord::SchemaMigration Pluck (0.7ms)[0m  [1m[34mSELECT "schema_migrations"."version" FROM "schema_migrations" ORDER BY "schema_migrations"."version" ASC[0m
Started GET "/" for ::1 at 2022-08-20 17:45:42 +0200
  [1m[36mActiveRecord::SchemaMigration Pluck (1.2ms)[0m  [1m[34mSELECT "schema_migrations"."version" FROM "schema_migrations" ORDER BY "schema_migrations"."version" ASC[0m
Processing by UnlocksController#index as HTML
  [1m[36mUser Load (1.3ms)[0m  [1m[34mSELECT "users".* FROM "users" WHERE "users"."id" = $1 ORDER BY "users"."id" ASC LIMIT $2[0m  [["id", 2], ["LIMIT", 1]]
  ↳ app/controllers/unlocks_controller.rb:3:in `index'
Redirected to http://localhost:3000/users
Completed 302 Found in 64ms (ActiveRecord: 10.3ms | Allocations: 16233)


Started GET "/users" for ::1 at 2022-08-20 17:45:42 +0200
Processing by UsersController#index as HTML
  [1m[36mUser Load (0.3ms)[0m  [1m[34mSELECT "users".* FROM "users" WHERE "users"."id" = $1 ORDER BY "users"."id" ASC LIMIT $2[0m  [["id", 2], ["LIMIT", 1]]
  ↳ app/controllers/users_controller.rb:3:in `index'
  Rendering layout layouts/application.html.erb
  Rendering users/index.html.erb within layouts/application
  Rendered users/index.html.erb within layouts/application (Duration: 13.5ms | Allocations: 621)
  Rendered layouts/_navbar.html.erb (Duration: 1.4ms | Allocations: 445)
  Rendered layout layouts/application.html.erb (Duration: 241.3ms | Allocations: 52747)
Completed 200 OK in 296ms (Views: 256.0ms | ActiveRecord: 0.3ms | Allocations: 57638)


Started GET "/categories" for ::1 at 2022-08-20 17:45:46 +0200
Processing by CategoriesController#index as HTML
  [1m[36mUser Load (0.4ms)[0m  [1m[34mSELECT "users".* FROM "users" WHERE "users"."id" = $1 ORDER BY "users"."id" ASC LIMIT $2[0m  [["id", 2], ["LIMIT", 1]]
  ↳ app/controllers/categories_controller.rb:3:in `index'
  Rendering layout layouts/application.html.erb
  Rendering categories/index.html.erb within layouts/application
  [1m[36mCategory Exists? (0.8ms)[0m  [1m[34mSELECT 1 AS one FROM "categories" WHERE "categories"."user_id" = $1 LIMIT $2[0m  [["user_id", 2], ["LIMIT", 1]]
  ↳ app/views/categories/index.html.erb:3
  [1m[36mCategory Load (0.6ms)[0m  [1m[34mSELECT "categories".* FROM "categories" WHERE "categories"."user_id" = $1[0m  [["user_id", 2]]
  ↳ app/views/categories/index.html.erb:6
  [1m[36mTransaction Sum (1.0ms)[0m  [1m[34mSELECT SUM("transactions"."amount") FROM "transactions" WHERE "transactions"."category_id" = $1[0m  [["category_id", 2]]
  ↳ app/views/categories/_category.html.erb:9
  Rendered categories/_category.html.erb (Duration: 13.7ms | Allocations: 5216)
  [1m[36mTransaction Sum (0.8ms)[0m  [1m[34mSELECT SUM("transactions"."amount") FROM "transactions" WHERE "transactions"."category_id" = $1[0m  [["category_id", 3]]
  ↳ app/views/categories/_category.html.erb:9
  Rendered categories/_category.html.erb (Duration: 3.1ms | Allocations: 826)
  Rendered categories/index.html.erb within layouts/application (Duration: 55.3ms | Allocations: 15650)
  Rendered layouts/_navbar.html.erb (Duration: 0.2ms | Allocations: 75)
  Rendered layout layouts/application.html.erb (Duration: 61.5ms | Allocations: 18384)
Completed 200 OK in 105ms (Views: 55.5ms | ActiveRecord: 8.2ms | Allocations: 29512)


Started GET "/Sterling" for ::1 at 2022-08-20 17:45:46 +0200
  
ActionController::RoutingError (No route matches [GET] "/Sterling"):
  
Started GET "/Euro" for ::1 at 2022-08-20 17:45:46 +0200
  
ActionController::RoutingError (No route matches [GET] "/Euro"):
  
Started GET "/categories" for ::1 at 2022-08-20 17:48:14 +0200
Processing by CategoriesController#index as HTML
  [1m[36mUser Load (2.4ms)[0m  [1m[34mSELECT "users".* FROM "users" WHERE "users"."id" = $1 ORDER BY "users"."id" ASC LIMIT $2[0m  [["id", 2], ["LIMIT", 1]]
  ↳ app/controllers/categories_controller.rb:3:in `index'
  Rendering layout layouts/application.html.erb
  Rendering categories/index.html.erb within layouts/application
  [1m[36mCategory Exists? (0.8ms)[0m  [1m[34mSELECT 1 AS one FROM "categories" WHERE "categories"."user_id" = $1 LIMIT $2[0m  [["user_id", 2], ["LIMIT", 1]]
  ↳ app/views/categories/index.html.erb:3
  [1m[36mCategory Load (1.2ms)[0m  [1m[34mSELECT "categories".* FROM "categories" WHERE "categories"."user_id" = $1[0m  [["user_id", 2]]
  ↳ app/views/categories/index.html.erb:6
  [1m[36mTransaction Sum (0.7ms)[0m  [1m[34mSELECT SUM("transactions"."amount") FROM "transactions" WHERE "transactions"."category_id" = $1[0m  [["category_id", 2]]
  ↳ app/views/categories/_category.html.erb:9
  Rendered categories/_category.html.erb (Duration: 18.2ms | Allocations: 850)
  [1m[36mTransaction Sum (0.7ms)[0m  [1m[34mSELECT SUM("transactions"."amount") FROM "transactions" WHERE "transactions"."category_id" = $1[0m  [["category_id", 3]]
  ↳ app/views/categories/_category.html.erb:9
  Rendered categories/_category.html.erb (Duration: 6.8ms | Allocations: 782)
  Rendered categories/index.html.erb within layouts/application (Duration: 43.5ms | Allocations: 3066)
  Rendered layouts/_navbar.html.erb (Duration: 0.3ms | Allocations: 63)
  Rendered layout layouts/application.html.erb (Duration: 85.3ms | Allocations: 9456)
Completed 200 OK in 113ms (Views: 84.5ms | ActiveRecord: 5.8ms | Allocations: 11299)


Started GET "/Euro" for ::1 at 2022-08-20 17:48:16 +0200
Started GET "/Sterling" for ::1 at 2022-08-20 17:48:16 +0200
  
ActionController::RoutingError (No route matches [GET] "/Euro"):
  
  
ActionController::RoutingError (No route matches [GET] "/Sterling"):
  
Started GET "/users" for ::1 at 2022-08-20 17:48:25 +0200
Processing by UsersController#index as HTML
  [1m[36mUser Load (0.7ms)[0m  [1m[34mSELECT "users".* FROM "users" WHERE "users"."id" = $1 ORDER BY "users"."id" ASC LIMIT $2[0m  [["id", 2], ["LIMIT", 1]]
  ↳ app/controllers/users_controller.rb:3:in `index'
  Rendering layout layouts/application.html.erb
  Rendering users/index.html.erb within layouts/application
  Rendered users/index.html.erb within layouts/application (Duration: 0.6ms | Allocations: 57)
  Rendered layouts/_navbar.html.erb (Duration: 0.1ms | Allocations: 63)
  Rendered layout layouts/application.html.erb (Duration: 23.2ms | Allocations: 2584)
Completed 200 OK in 57ms (Views: 40.5ms | ActiveRecord: 0.7ms | Allocations: 4233)


Started GET "/Sterling" for ::1 at 2022-08-20 17:48:25 +0200
  
ActionController::RoutingError (No route matches [GET] "/Sterling"):
  
Started GET "/Euro" for ::1 at 2022-08-20 17:48:25 +0200
  
ActionController::RoutingError (No route matches [GET] "/Euro"):
  
Started GET "/categories" for ::1 at 2022-08-20 17:51:32 +0200
Processing by CategoriesController#index as HTML
  [1m[36mUser Load (0.5ms)[0m  [1m[34mSELECT "users".* FROM "users" WHERE "users"."id" = $1 ORDER BY "users"."id" ASC LIMIT $2[0m  [["id", 2], ["LIMIT", 1]]
  ↳ app/controllers/categories_controller.rb:3:in `index'
  Rendering layout layouts/application.html.erb
  Rendering categories/index.html.erb within layouts/application
  [1m[36mCategory Exists? (4.2ms)[0m  [1m[34mSELECT 1 AS one FROM "categories" WHERE "categories"."user_id" = $1 LIMIT $2[0m  [["user_id", 2], ["LIMIT", 1]]
  ↳ app/views/categories/index.html.erb:3
  [1m[36mCategory Load (1.0ms)[0m  [1m[34mSELECT "categories".* FROM "categories" WHERE "categories"."user_id" = $1[0m  [["user_id", 2]]
  ↳ app/views/categories/index.html.erb:6
  [1m[36mTransaction Sum (3.4ms)[0m  [1m[34mSELECT SUM("transactions"."amount") FROM "transactions" WHERE "transactions"."category_id" = $1[0m  [["category_id", 2]]
  ↳ app/views/categories/_category.html.erb:9
  Rendered categories/_category.html.erb (Duration: 5.1ms | Allocations: 797)
  [1m[36mTransaction Sum (3.2ms)[0m  [1m[34mSELECT SUM("transactions"."amount") FROM "transactions" WHERE "transactions"."category_id" = $1[0m  [["category_id", 3]]
  ↳ app/views/categories/_category.html.erb:9
  Rendered categories/_category.html.erb (Duration: 5.0ms | Allocations: 783)
  Rendered categories/index.html.erb within layouts/application (Duration: 19.2ms | Allocations: 2976)
  Rendered layouts/_navbar.html.erb (Duration: 0.4ms | Allocations: 60)
  Rendered layout layouts/application.html.erb (Duration: 28.0ms | Allocations: 5528)
Completed 200 OK in 35ms (Views: 17.4ms | ActiveRecord: 12.3ms | Allocations: 7197)


Started GET "/Euro" for ::1 at 2022-08-20 17:51:32 +0200
Started GET "/Sterling" for ::1 at 2022-08-20 17:51:32 +0200
  
ActionController::RoutingError (No route matches [GET] "/Euro"):
  
  
ActionController::RoutingError (No route matches [GET] "/Sterling"):
  
Started GET "/" for ::1 at 2022-08-20 17:59:36 +0200
Processing by UnlocksController#index as HTML
  [1m[36mUser Load (1.0ms)[0m  [1m[34mSELECT "users".* FROM "users" WHERE "users"."id" = $1 ORDER BY "users"."id" ASC LIMIT $2[0m  [["id", 2], ["LIMIT", 1]]
  ↳ app/controllers/unlocks_controller.rb:3:in `index'
Redirected to http://localhost:3000/users
Completed 302 Found in 101ms (ActiveRecord: 19.1ms | Allocations: 4667)


Started GET "/users" for ::1 at 2022-08-20 17:59:36 +0200
Processing by UsersController#index as HTML
  [1m[36mUser Load (0.4ms)[0m  [1m[34mSELECT "users".* FROM "users" WHERE "users"."id" = $1 ORDER BY "users"."id" ASC LIMIT $2[0m  [["id", 2], ["LIMIT", 1]]
  ↳ app/controllers/users_controller.rb:3:in `index'
  Rendering layout layouts/application.html.erb
  Rendering users/index.html.erb within layouts/application
  Rendered users/index.html.erb within layouts/application (Duration: 0.9ms | Allocations: 57)
  Rendered layouts/_navbar.html.erb (Duration: 0.1ms | Allocations: 63)
  Rendered layout layouts/application.html.erb (Duration: 8.7ms | Allocations: 2584)
Completed 200 OK in 17ms (Views: 11.1ms | ActiveRecord: 0.4ms | Allocations: 4219)


Started GET "/" for ::1 at 2022-08-20 18:01:09 +0200
Processing by UnlocksController#index as HTML
  Rendering layout layouts/application.html.erb
  Rendering unlocks/index.html.erb within layouts/application
  Rendered unlocks/index.html.erb within layouts/application (Duration: 37.9ms | Allocations: 378)
  Rendered layouts/_navbar.html.erb (Duration: 0.9ms | Allocations: 128)
  Rendered layout layouts/application.html.erb (Duration: 102.5ms | Allocations: 3205)
Completed 200 OK in 175ms (Views: 132.7ms | ActiveRecord: 0.0ms | Allocations: 4417)


Started GET "/favicon.ico" for ::1 at 2022-08-20 18:01:12 +0200
  
ActionController::RoutingError (No route matches [GET] "/favicon.ico"):
  
Started GET "/" for ::1 at 2022-08-20 18:02:17 +0200
Processing by UnlocksController#index as HTML
  Rendering layout layouts/application.html.erb
  Rendering unlocks/index.html.erb within layouts/application
  Rendered unlocks/index.html.erb within layouts/application (Duration: 2.0ms | Allocations: 372)
  Rendered layouts/_navbar.html.erb (Duration: 3.8ms | Allocations: 456)
  Rendered layout layouts/application.html.erb (Duration: 14.2ms | Allocations: 3893)
Completed 200 OK in 24ms (Views: 20.2ms | ActiveRecord: 0.0ms | Allocations: 5312)


Started GET "/users/sign_up" for ::1 at 2022-08-20 18:02:29 +0200
Processing by Devise::RegistrationsController#new as HTML
  Rendering layout layouts/application.html.erb
  Rendering devise/registrations/new.html.erb within layouts/application
  Rendered devise/shared/_error_messages.html.erb (Duration: 2.8ms | Allocations: 280)
  Rendered devise/shared/_links.html.erb (Duration: 1.9ms | Allocations: 733)
  Rendered devise/registrations/new.html.erb within layouts/application (Duration: 66.4ms | Allocations: 10110)
  Rendered layouts/_navbar.html.erb (Duration: 0.1ms | Allocations: 71)
  Rendered layout layouts/application.html.erb (Duration: 71.5ms | Allocations: 12800)
Completed 200 OK in 87ms (Views: 76.5ms | ActiveRecord: 0.0ms | Allocations: 15136)


Started GET "/users/sign_up" for ::1 at 2022-08-20 18:03:40 +0200
Processing by Devise::RegistrationsController#new as HTML
  Rendering layout layouts/application.html.erb
  Rendering devise/registrations/new.html.erb within layouts/application
  Rendered devise/shared/_error_messages.html.erb (Duration: 0.1ms | Allocations: 19)
  Rendered devise/shared/_links.html.erb (Duration: 0.2ms | Allocations: 86)
  Rendered devise/registrations/new.html.erb within layouts/application (Duration: 7.0ms | Allocations: 1504)
  Rendered layouts/_navbar.html.erb (Duration: 0.1ms | Allocations: 60)
  Rendered layout layouts/application.html.erb (Duration: 15.5ms | Allocations: 3996)
Completed 200 OK in 65ms (Views: 32.8ms | ActiveRecord: 0.0ms | Allocations: 4730)


Started POST "/users" for ::1 at 2022-08-20 18:03:56 +0200
Processing by Devise::RegistrationsController#create as TURBO_STREAM
  Parameters: {"authenticity_token"=>"[FILTERED]", "user"=>{"name"=>"Yannick", "email"=>"ymulikuza@gmail.com", "password"=>"[FILTERED]", "password_confirmation"=>"[FILTERED]"}, "commit"=>"Sign up"}
  [1m[36mTRANSACTION (0.3ms)[0m  [1m[35mBEGIN[0m
  [1m[36mUser Exists? (2.0ms)[0m  [1m[34mSELECT 1 AS one FROM "users" WHERE "users"."email" = $1 LIMIT $2[0m  [["email", "ymulikuza@gmail.com"], ["LIMIT", 1]]
  [1m[36mUser Create (3.6ms)[0m  [1m[32mINSERT INTO "users" ("email", "encrypted_password", "reset_password_token", "reset_password_sent_at", "remember_created_at", "created_at", "updated_at", "name") VALUES ($1, $2, $3, $4, $5, $6, $7, $8) RETURNING "id"[0m  [["email", "ymulikuza@gmail.com"], ["encrypted_password", "[FILTERED]"], ["reset_password_token", "[FILTERED]"], ["reset_password_sent_at", "[FILTERED]"], ["remember_created_at", nil], ["created_at", "2022-08-20 16:03:56.913747"], ["updated_at", "2022-08-20 16:03:56.913747"], ["name", "Yannick"]]
  [1m[36mTRANSACTION (2.4ms)[0m  [1m[35mCOMMIT[0m
Redirected to http://localhost:3000/
Completed 302 Found in 388ms (ActiveRecord: 8.4ms | Allocations: 9479)


Started GET "/" for ::1 at 2022-08-20 18:03:56 +0200
Processing by UnlocksController#index as TURBO_STREAM
  [1m[36mUser Load (0.4ms)[0m  [1m[34mSELECT "users".* FROM "users" WHERE "users"."id" = $1 ORDER BY "users"."id" ASC LIMIT $2[0m  [["id", 3], ["LIMIT", 1]]
  ↳ app/controllers/unlocks_controller.rb:3:in `index'
Redirected to http://localhost:3000/users
Completed 302 Found in 9ms (ActiveRecord: 0.4ms | Allocations: 1158)


Started GET "/users" for ::1 at 2022-08-20 18:03:56 +0200
Processing by UsersController#index as TURBO_STREAM
  [1m[36mUser Load (0.4ms)[0m  [1m[34mSELECT "users".* FROM "users" WHERE "users"."id" = $1 ORDER BY "users"."id" ASC LIMIT $2[0m  [["id", 3], ["LIMIT", 1]]
  ↳ app/controllers/users_controller.rb:3:in `index'
  Rendering layout layouts/application.html.erb
  Rendering users/index.html.erb within layouts/application
  Rendered users/index.html.erb within layouts/application (Duration: 2.8ms | Allocations: 273)
  Rendered layouts/_navbar.html.erb (Duration: 0.2ms | Allocations: 74)
  Rendered layout layouts/application.html.erb (Duration: 15.1ms | Allocations: 3077)
Completed 200 OK in 60ms (Views: 17.7ms | ActiveRecord: 0.4ms | Allocations: 4993)


Started POST "/users" for ::1 at 2022-08-20 18:05:31 +0200
Processing by Devise::RegistrationsController#create as TURBO_STREAM
  Parameters: {"authenticity_token"=>"[FILTERED]", "user"=>{"name"=>"Yannick", "email"=>"ymulikuza@gmail.com", "password"=>"[FILTERED]", "password_confirmation"=>"[FILTERED]"}, "commit"=>"Sign up"}
  [1m[36mUser Load (0.6ms)[0m  [1m[34mSELECT "users".* FROM "users" WHERE "users"."id" = $1 ORDER BY "users"."id" ASC LIMIT $2[0m  [["id", 3], ["LIMIT", 1]]
Redirected to http://localhost:3000/
Filter chain halted as :require_no_authentication rendered or redirected
Completed 302 Found in 48ms (ActiveRecord: 0.6ms | Allocations: 1661)


Started GET "/" for ::1 at 2022-08-20 18:05:31 +0200
Processing by UnlocksController#index as TURBO_STREAM
  [1m[36mUser Load (0.6ms)[0m  [1m[34mSELECT "users".* FROM "users" WHERE "users"."id" = $1 ORDER BY "users"."id" ASC LIMIT $2[0m  [["id", 3], ["LIMIT", 1]]
  ↳ app/controllers/unlocks_controller.rb:3:in `index'
Redirected to http://localhost:3000/users
Completed 302 Found in 14ms (ActiveRecord: 0.6ms | Allocations: 1085)


Started GET "/users" for ::1 at 2022-08-20 18:05:31 +0200
Processing by UsersController#index as TURBO_STREAM
  [1m[36mUser Load (0.4ms)[0m  [1m[34mSELECT "users".* FROM "users" WHERE "users"."id" = $1 ORDER BY "users"."id" ASC LIMIT $2[0m  [["id", 3], ["LIMIT", 1]]
  ↳ app/controllers/users_controller.rb:3:in `index'
  Rendering layout layouts/application.html.erb
  Rendering users/index.html.erb within layouts/application
  Rendered users/index.html.erb within layouts/application (Duration: 1.1ms | Allocations: 57)
  Rendered layouts/_navbar.html.erb (Duration: 0.5ms | Allocations: 63)
  Rendered layout layouts/application.html.erb (Duration: 17.7ms | Allocations: 2583)
Completed 200 OK in 29ms (Views: 21.5ms | ActiveRecord: 0.4ms | Allocations: 3818)


Started GET "/categories" for ::1 at 2022-08-20 18:05:44 +0200
Processing by CategoriesController#index as HTML
  [1m[36mUser Load (0.4ms)[0m  [1m[34mSELECT "users".* FROM "users" WHERE "users"."id" = $1 ORDER BY "users"."id" ASC LIMIT $2[0m  [["id", 3], ["LIMIT", 1]]
  ↳ app/controllers/categories_controller.rb:3:in `index'
  Rendering layout layouts/application.html.erb
  Rendering categories/index.html.erb within layouts/application
  [1m[36mCategory Exists? (3.4ms)[0m  [1m[34mSELECT 1 AS one FROM "categories" WHERE "categories"."user_id" = $1 LIMIT $2[0m  [["user_id", 3], ["LIMIT", 1]]
  ↳ app/views/categories/index.html.erb:3
  Rendered categories/index.html.erb within layouts/application (Duration: 33.7ms | Allocations: 1183)
  Rendered layouts/_navbar.html.erb (Duration: 0.3ms | Allocations: 72)
  Rendered layout layouts/application.html.erb (Duration: 44.9ms | Allocations: 3924)
Completed 200 OK in 71ms (Views: 60.3ms | ActiveRecord: 3.8ms | Allocations: 5798)


Started GET "/categories/new" for ::1 at 2022-08-20 18:06:13 +0200
Processing by CategoriesController#new as HTML
  Rendering layout layouts/application.html.erb
  Rendering categories/new.html.erb within layouts/application
  Rendered categories/_form.html.erb (Duration: 9.1ms | Allocations: 1354)
  Rendered categories/new.html.erb within layouts/application (Duration: 16.0ms | Allocations: 1627)
  Rendered layouts/_navbar.html.erb (Duration: 0.3ms | Allocations: 111)
  Rendered layout layouts/application.html.erb (Duration: 22.4ms | Allocations: 4177)
Completed 200 OK in 45ms (Views: 41.8ms | ActiveRecord: 0.0ms | Allocations: 4629)


Started POST "/categories" for ::1 at 2022-08-20 18:06:24 +0200
Processing by CategoriesController#create as TURBO_STREAM
  Parameters: {"authenticity_token"=>"[FILTERED]", "category"=>{"name"=>"Car", "icon"=>"Sterling"}, "commit"=>"Save"}
  [1m[36mUser Load (0.3ms)[0m  [1m[34mSELECT "users".* FROM "users" WHERE "users"."id" = $1 ORDER BY "users"."id" ASC LIMIT $2[0m  [["id", 3], ["LIMIT", 1]]
  ↳ app/controllers/categories_controller.rb:39:in `category_params'
  [1m[36mTRANSACTION (0.3ms)[0m  [1m[35mBEGIN[0m
  ↳ app/controllers/categories_controller.rb:18:in `create'
  [1m[36mUser Load (0.4ms)[0m  [1m[34mSELECT "users".* FROM "users" WHERE "users"."id" = $1 LIMIT $2[0m  [["id", 3], ["LIMIT", 1]]
  ↳ app/controllers/categories_controller.rb:18:in `create'
  [1m[36mCategory Create (3.9ms)[0m  [1m[32mINSERT INTO "categories" ("name", "icon", "user_id", "created_at", "updated_at") VALUES ($1, $2, $3, $4, $5) RETURNING "id"[0m  [["name", "Car"], ["icon", "Sterling"], ["user_id", 3], ["created_at", "2022-08-20 16:06:24.033368"], ["updated_at", "2022-08-20 16:06:24.033368"]]
  ↳ app/controllers/categories_controller.rb:18:in `create'
  [1m[36mTRANSACTION (0.5ms)[0m  [1m[35mCOMMIT[0m
  ↳ app/controllers/categories_controller.rb:18:in `create'
Redirected to http://localhost:3000/categories
Completed 302 Found in 28ms (ActiveRecord: 5.4ms | Allocations: 5068)


Started GET "/categories" for ::1 at 2022-08-20 18:06:26 +0200
Processing by CategoriesController#index as TURBO_STREAM
  [1m[36mUser Load (0.5ms)[0m  [1m[34mSELECT "users".* FROM "users" WHERE "users"."id" = $1 ORDER BY "users"."id" ASC LIMIT $2[0m  [["id", 3], ["LIMIT", 1]]
  ↳ app/controllers/categories_controller.rb:3:in `index'
  Rendering layout layouts/application.html.erb
  Rendering categories/index.html.erb within layouts/application
  [1m[36mCategory Exists? (2.1ms)[0m  [1m[34mSELECT 1 AS one FROM "categories" WHERE "categories"."user_id" = $1 LIMIT $2[0m  [["user_id", 3], ["LIMIT", 1]]
  ↳ app/views/categories/index.html.erb:3
  [1m[36mCategory Load (0.3ms)[0m  [1m[34mSELECT "categories".* FROM "categories" WHERE "categories"."user_id" = $1[0m  [["user_id", 3]]
  ↳ app/views/categories/index.html.erb:6
  [1m[36mTransaction Sum (3.8ms)[0m  [1m[34mSELECT SUM("transactions"."amount") FROM "transactions" WHERE "transactions"."category_id" = $1[0m  [["category_id", 4]]
  ↳ app/views/categories/_category.html.erb:9
  Rendered categories/_category.html.erb (Duration: 36.4ms | Allocations: 1100)
  Rendered categories/index.html.erb within layouts/application (Duration: 72.8ms | Allocations: 2481)
  Rendered layouts/_navbar.html.erb (Duration: 0.2ms | Allocations: 60)
  Rendered layout layouts/application.html.erb (Duration: 131.2ms | Allocations: 5011)
Completed 200 OK in 152ms (Views: 129.5ms | ActiveRecord: 6.7ms | Allocations: 6256)


Started GET "/Sterling" for ::1 at 2022-08-20 18:06:28 +0200
  
ActionController::RoutingError (No route matches [GET] "/Sterling"):
  
Started GET "/categories/new" for ::1 at 2022-08-20 18:06:42 +0200
Processing by CategoriesController#new as HTML
  Rendering layout layouts/application.html.erb
  Rendering categories/new.html.erb within layouts/application
  Rendered categories/_form.html.erb (Duration: 2.0ms | Allocations: 895)
  Rendered categories/new.html.erb within layouts/application (Duration: 2.6ms | Allocations: 968)
  Rendered layouts/_navbar.html.erb (Duration: 0.2ms | Allocations: 108)
  Rendered layout layouts/application.html.erb (Duration: 12.4ms | Allocations: 3537)
Completed 200 OK in 17ms (Views: 16.4ms | ActiveRecord: 0.0ms | Allocations: 3884)


Started GET "/categories/Sterling" for ::1 at 2022-08-20 18:06:42 +0200
Processing by CategoriesController#show as HTML
  Parameters: {"id"=>"Sterling"}
  [1m[36mCategory Load (0.6ms)[0m  [1m[34mSELECT "categories".* FROM "categories" WHERE "categories"."id" = $1 LIMIT $2[0m  [["id", nil], ["LIMIT", 1]]
  ↳ app/controllers/categories_controller.rb:7:in `show'
Completed 404 Not Found in 21ms (ActiveRecord: 0.6ms | Allocations: 1493)


  
ActiveRecord::RecordNotFound (Couldn't find Category with 'id'=Sterling):
  
app/controllers/categories_controller.rb:7:in `show'
Started POST "/categories" for ::1 at 2022-08-20 18:06:52 +0200
Processing by CategoriesController#create as TURBO_STREAM
  Parameters: {"authenticity_token"=>"[FILTERED]", "category"=>{"name"=>"Gitcoin", "icon"=>"Sterling"}, "commit"=>"Save"}
  [1m[36mUser Load (0.6ms)[0m  [1m[34mSELECT "users".* FROM "users" WHERE "users"."id" = $1 ORDER BY "users"."id" ASC LIMIT $2[0m  [["id", 3], ["LIMIT", 1]]
  ↳ app/controllers/categories_controller.rb:39:in `category_params'
  [1m[36mTRANSACTION (0.4ms)[0m  [1m[35mBEGIN[0m
  ↳ app/controllers/categories_controller.rb:18:in `create'
  [1m[36mUser Load (1.1ms)[0m  [1m[34mSELECT "users".* FROM "users" WHERE "users"."id" = $1 LIMIT $2[0m  [["id", 3], ["LIMIT", 1]]
  ↳ app/controllers/categories_controller.rb:18:in `create'
  [1m[36mCategory Create (0.6ms)[0m  [1m[32mINSERT INTO "categories" ("name", "icon", "user_id", "created_at", "updated_at") VALUES ($1, $2, $3, $4, $5) RETURNING "id"[0m  [["name", "Gitcoin"], ["icon", "Sterling"], ["user_id", 3], ["created_at", "2022-08-20 16:06:52.376958"], ["updated_at", "2022-08-20 16:06:52.376958"]]
  ↳ app/controllers/categories_controller.rb:18:in `create'
  [1m[36mTRANSACTION (1.3ms)[0m  [1m[35mCOMMIT[0m
  ↳ app/controllers/categories_controller.rb:18:in `create'
Redirected to http://localhost:3000/categories
Completed 302 Found in 34ms (ActiveRecord: 4.0ms | Allocations: 3812)


Started GET "/categories" for ::1 at 2022-08-20 18:06:54 +0200
Processing by CategoriesController#index as TURBO_STREAM
  [1m[36mUser Load (0.3ms)[0m  [1m[34mSELECT "users".* FROM "users" WHERE "users"."id" = $1 ORDER BY "users"."id" ASC LIMIT $2[0m  [["id", 3], ["LIMIT", 1]]
  ↳ app/controllers/categories_controller.rb:3:in `index'
  Rendering layout layouts/application.html.erb
  Rendering categories/index.html.erb within layouts/application
  [1m[36mCategory Exists? (1.3ms)[0m  [1m[34mSELECT 1 AS one FROM "categories" WHERE "categories"."user_id" = $1 LIMIT $2[0m  [["user_id", 3], ["LIMIT", 1]]
  ↳ app/views/categories/index.html.erb:3
  [1m[36mCategory Load (0.5ms)[0m  [1m[34mSELECT "categories".* FROM "categories" WHERE "categories"."user_id" = $1[0m  [["user_id", 3]]
  ↳ app/views/categories/index.html.erb:6
  [1m[36mTransaction Sum (1.2ms)[0m  [1m[34mSELECT SUM("transactions"."amount") FROM "transactions" WHERE "transactions"."category_id" = $1[0m  [["category_id", 4]]
  ↳ app/views/categories/_category.html.erb:9
  Rendered categories/_category.html.erb (Duration: 8.7ms | Allocations: 797)
  [1m[36mTransaction Sum (0.5ms)[0m  [1m[34mSELECT SUM("transactions"."amount") FROM "transactions" WHERE "transactions"."category_id" = $1[0m  [["category_id", 5]]
  ↳ app/views/categories/_category.html.erb:9
  Rendered categories/_category.html.erb (Duration: 3.9ms | Allocations: 782)
  Rendered categories/index.html.erb within layouts/application (Duration: 33.2ms | Allocations: 2977)
  Rendered layouts/_navbar.html.erb (Duration: 0.2ms | Allocations: 60)
  Rendered layout layouts/application.html.erb (Duration: 45.1ms | Allocations: 5504)
Completed 200 OK in 51ms (Views: 43.5ms | ActiveRecord: 3.9ms | Allocations: 6727)


Started GET "/Sterling" for ::1 at 2022-08-20 18:06:56 +0200
  
ActionController::RoutingError (No route matches [GET] "/Sterling"):
  
Started DELETE "/users/sign_out" for ::1 at 2022-08-20 18:07:04 +0200
Processing by SessionsController#destroy as TURBO_STREAM
  [1m[36mUser Load (1.7ms)[0m  [1m[34mSELECT "users".* FROM "users" WHERE "users"."id" = $1 ORDER BY "users"."id" ASC LIMIT $2[0m  [["id", 3], ["LIMIT", 1]]
Redirected to http://localhost:3000/
Completed 303 See Other in 72ms (ActiveRecord: 1.7ms | Allocations: 3249)


Started GET "/" for ::1 at 2022-08-20 18:07:06 +0200
Processing by UnlocksController#index as TURBO_STREAM
  Rendering layout layouts/application.html.erb
  Rendering unlocks/index.html.erb within layouts/application
  Rendered unlocks/index.html.erb within layouts/application (Duration: 0.8ms | Allocations: 125)
  Rendered layouts/_navbar.html.erb (Duration: 0.2ms | Allocations: 108)
  Rendered layout layouts/application.html.erb (Duration: 8.3ms | Allocations: 2834)
Completed 200 OK in 12ms (Views: 9.9ms | ActiveRecord: 0.0ms | Allocations: 3487)


Started GET "/Sterling" for ::1 at 2022-08-20 18:07:08 +0200
  
ActionController::RoutingError (No route matches [GET] "/Sterling"):
  
